#2.0#2021 02 18 17:27:23.222#Z#DEBUG#com.sap.cloud.lm.sl.xs2.4987b130-720e-11eb-a93a-eeee0a817d96.db.stageAppTask#
######org.cloudfoundry.multiapps.controller.persistence.services.ProcessLogger########flowable-async-job-executor-thread-1954###
[PollStageAppStatusExecution] [db] 86fceba7-4594-407c-862a-132a818953fd [Thu Feb 18 17:26:54 UTC 2021] Added process: "web" (STDOUT, API)#

#2.0#2021 02 18 17:27:23.222#Z#DEBUG#com.sap.cloud.lm.sl.xs2.4987b130-720e-11eb-a93a-eeee0a817d96.db.stageAppTask#
######org.cloudfoundry.multiapps.controller.persistence.services.ProcessLogger########flowable-async-job-executor-thread-1954###
[PollStageAppStatusExecution] [db] 86fceba7-4594-407c-862a-132a818953fd [Thu Feb 18 17:26:54 UTC 2021] Created app with guid 86fceba7-4594-407c-862a-132a818953fd (STDOUT, API)#

#2.0#2021 02 18 17:27:23.222#Z#DEBUG#com.sap.cloud.lm.sl.xs2.4987b130-720e-11eb-a93a-eeee0a817d96.db.stageAppTask#
######org.cloudfoundry.multiapps.controller.persistence.services.ProcessLogger########flowable-async-job-executor-thread-1954###
[PollStageAppStatusExecution] [db] 86fceba7-4594-407c-862a-132a818953fd [Thu Feb 18 17:26:54 UTC 2021] Updating process: "web" (STDOUT, API)#

#2.0#2021 02 18 17:27:23.222#Z#DEBUG#com.sap.cloud.lm.sl.xs2.4987b130-720e-11eb-a93a-eeee0a817d96.db.stageAppTask#
######org.cloudfoundry.multiapps.controller.persistence.services.ProcessLogger########flowable-async-job-executor-thread-1954###
[PollStageAppStatusExecution] [db] 86fceba7-4594-407c-862a-132a818953fd [Thu Feb 18 17:26:55 UTC 2021] Scaling process: "web" (STDOUT, API)#

#2.0#2021 02 18 17:27:23.222#Z#DEBUG#com.sap.cloud.lm.sl.xs2.4987b130-720e-11eb-a93a-eeee0a817d96.db.stageAppTask#
######org.cloudfoundry.multiapps.controller.persistence.services.ProcessLogger########flowable-async-job-executor-thread-1954###
[PollStageAppStatusExecution] [db] 86fceba7-4594-407c-862a-132a818953fd [Thu Feb 18 17:26:55 UTC 2021] Updated app with guid 86fceba7-4594-407c-862a-132a818953fd ({"environment_variables"=>"[PRIVATE DATA HIDDEN]"}) (STDOUT, API)#

#2.0#2021 02 18 17:27:23.223#Z#DEBUG#com.sap.cloud.lm.sl.xs2.4987b130-720e-11eb-a93a-eeee0a817d96.db.stageAppTask#
######org.cloudfoundry.multiapps.controller.persistence.services.ProcessLogger########flowable-async-job-executor-thread-1954###
[PollStageAppStatusExecution] [db] 86fceba7-4594-407c-862a-132a818953fd [Thu Feb 18 17:27:00 UTC 2021] Updated app with guid 86fceba7-4594-407c-862a-132a818953fd ({"metadata"=>{"annotations"=>{"mta_id"=>"HDI_GASTOS_ANALYTICS", "mta_version"=>"0.0.1", "mta_module"=>"{\"name\":\"db\"}", "mta_module_provided_dependencies"=>"[]", "mta_bound_services"=>"[\"hdi_db\"]"}, "labels"=>{"mta_id"=>"dcd81ec02f6b53987e95787b47246c8d"}}}) (STDOUT, API)#

#2.0#2021 02 18 17:27:23.223#Z#DEBUG#com.sap.cloud.lm.sl.xs2.4987b130-720e-11eb-a93a-eeee0a817d96.db.stageAppTask#
######org.cloudfoundry.multiapps.controller.persistence.services.ProcessLogger########flowable-async-job-executor-thread-1954###
[PollStageAppStatusExecution] [db] 86fceba7-4594-407c-862a-132a818953fd [Thu Feb 18 17:27:04 UTC 2021] Uploading app package for app with guid 86fceba7-4594-407c-862a-132a818953fd (STDOUT, API)#

#2.0#2021 02 18 17:27:23.223#Z#DEBUG#com.sap.cloud.lm.sl.xs2.4987b130-720e-11eb-a93a-eeee0a817d96.db.stageAppTask#
######org.cloudfoundry.multiapps.controller.persistence.services.ProcessLogger########flowable-async-job-executor-thread-1954###
[PollStageAppStatusExecution] [db] 86fceba7-4594-407c-862a-132a818953fd [Thu Feb 18 17:27:04 UTC 2021] Updated app with guid 86fceba7-4594-407c-862a-132a818953fd ({"environment_variables"=>"[PRIVATE DATA HIDDEN]"}) (STDOUT, API)#

#2.0#2021 02 18 17:27:23.223#Z#DEBUG#com.sap.cloud.lm.sl.xs2.4987b130-720e-11eb-a93a-eeee0a817d96.db.stageAppTask#
######org.cloudfoundry.multiapps.controller.persistence.services.ProcessLogger########flowable-async-job-executor-thread-1954###
[PollStageAppStatusExecution] [db] 86fceba7-4594-407c-862a-132a818953fd [Thu Feb 18 17:27:13 UTC 2021] Scaling process: "web" (STDOUT, API)#

#2.0#2021 02 18 17:27:23.223#Z#DEBUG#com.sap.cloud.lm.sl.xs2.4987b130-720e-11eb-a93a-eeee0a817d96.db.stageAppTask#
######org.cloudfoundry.multiapps.controller.persistence.services.ProcessLogger########flowable-async-job-executor-thread-1954###
[PollStageAppStatusExecution] [db] 86fceba7-4594-407c-862a-132a818953fd [Thu Feb 18 17:27:13 UTC 2021] Creating build for app with guid 86fceba7-4594-407c-862a-132a818953fd (STDOUT, API)#

#2.0#2021 02 18 17:27:23.223#Z#DEBUG#com.sap.cloud.lm.sl.xs2.4987b130-720e-11eb-a93a-eeee0a817d96.db.stageAppTask#
######org.cloudfoundry.multiapps.controller.persistence.services.ProcessLogger########flowable-async-job-executor-thread-1954###
[PollStageAppStatusExecution] [db] 86fceba7-4594-407c-862a-132a818953fd [Thu Feb 18 17:27:15 UTC 2021] Downloading staticfile_buildpack... (STDOUT, STG)#

#2.0#2021 02 18 17:27:23.223#Z#DEBUG#com.sap.cloud.lm.sl.xs2.4987b130-720e-11eb-a93a-eeee0a817d96.db.stageAppTask#
######org.cloudfoundry.multiapps.controller.persistence.services.ProcessLogger########flowable-async-job-executor-thread-1954###
[PollStageAppStatusExecution] [db] 86fceba7-4594-407c-862a-132a818953fd [Thu Feb 18 17:27:15 UTC 2021] Downloading r_buildpack... (STDOUT, STG)#

#2.0#2021 02 18 17:27:23.223#Z#DEBUG#com.sap.cloud.lm.sl.xs2.4987b130-720e-11eb-a93a-eeee0a817d96.db.stageAppTask#
######org.cloudfoundry.multiapps.controller.persistence.services.ProcessLogger########flowable-async-job-executor-thread-1954###
[PollStageAppStatusExecution] [db] 86fceba7-4594-407c-862a-132a818953fd [Thu Feb 18 17:27:15 UTC 2021] Downloading ruby_buildpack... (STDOUT, STG)#

#2.0#2021 02 18 17:27:23.223#Z#DEBUG#com.sap.cloud.lm.sl.xs2.4987b130-720e-11eb-a93a-eeee0a817d96.db.stageAppTask#
######org.cloudfoundry.multiapps.controller.persistence.services.ProcessLogger########flowable-async-job-executor-thread-1954###
[PollStageAppStatusExecution] [db] 86fceba7-4594-407c-862a-132a818953fd [Thu Feb 18 17:27:15 UTC 2021] Downloading python_buildpack... (STDOUT, STG)#

#2.0#2021 02 18 17:27:23.223#Z#DEBUG#com.sap.cloud.lm.sl.xs2.4987b130-720e-11eb-a93a-eeee0a817d96.db.stageAppTask#
######org.cloudfoundry.multiapps.controller.persistence.services.ProcessLogger########flowable-async-job-executor-thread-1954###
[PollStageAppStatusExecution] [db] 86fceba7-4594-407c-862a-132a818953fd [Thu Feb 18 17:27:15 UTC 2021] Downloading sap_java_buildpack_1_30... (STDOUT, STG)#

#2.0#2021 02 18 17:27:23.223#Z#DEBUG#com.sap.cloud.lm.sl.xs2.4987b130-720e-11eb-a93a-eeee0a817d96.db.stageAppTask#
######org.cloudfoundry.multiapps.controller.persistence.services.ProcessLogger########flowable-async-job-executor-thread-1954###
[PollStageAppStatusExecution] [db] 86fceba7-4594-407c-862a-132a818953fd [Thu Feb 18 17:27:15 UTC 2021] Downloading dotnet_core_buildpack... (STDOUT, STG)#

#2.0#2021 02 18 17:27:23.223#Z#DEBUG#com.sap.cloud.lm.sl.xs2.4987b130-720e-11eb-a93a-eeee0a817d96.db.stageAppTask#
######org.cloudfoundry.multiapps.controller.persistence.services.ProcessLogger########flowable-async-job-executor-thread-1954###
[PollStageAppStatusExecution] [db] 86fceba7-4594-407c-862a-132a818953fd [Thu Feb 18 17:27:15 UTC 2021] Downloaded r_buildpack (STDOUT, STG)#

#2.0#2021 02 18 17:27:23.223#Z#DEBUG#com.sap.cloud.lm.sl.xs2.4987b130-720e-11eb-a93a-eeee0a817d96.db.stageAppTask#
######org.cloudfoundry.multiapps.controller.persistence.services.ProcessLogger########flowable-async-job-executor-thread-1954###
[PollStageAppStatusExecution] [db] 86fceba7-4594-407c-862a-132a818953fd [Thu Feb 18 17:27:15 UTC 2021] Downloading nodejs_buildpack... (STDOUT, STG)#

#2.0#2021 02 18 17:27:23.223#Z#DEBUG#com.sap.cloud.lm.sl.xs2.4987b130-720e-11eb-a93a-eeee0a817d96.db.stageAppTask#
######org.cloudfoundry.multiapps.controller.persistence.services.ProcessLogger########flowable-async-job-executor-thread-1954###
[PollStageAppStatusExecution] [db] 86fceba7-4594-407c-862a-132a818953fd [Thu Feb 18 17:27:15 UTC 2021] Downloaded ruby_buildpack (STDOUT, STG)#

#2.0#2021 02 18 17:27:23.223#Z#DEBUG#com.sap.cloud.lm.sl.xs2.4987b130-720e-11eb-a93a-eeee0a817d96.db.stageAppTask#
######org.cloudfoundry.multiapps.controller.persistence.services.ProcessLogger########flowable-async-job-executor-thread-1954###
[PollStageAppStatusExecution] [db] 86fceba7-4594-407c-862a-132a818953fd [Thu Feb 18 17:27:15 UTC 2021] Downloaded staticfile_buildpack (STDOUT, STG)#

#2.0#2021 02 18 17:27:23.223#Z#DEBUG#com.sap.cloud.lm.sl.xs2.4987b130-720e-11eb-a93a-eeee0a817d96.db.stageAppTask#
######org.cloudfoundry.multiapps.controller.persistence.services.ProcessLogger########flowable-async-job-executor-thread-1954###
[PollStageAppStatusExecution] [db] 86fceba7-4594-407c-862a-132a818953fd [Thu Feb 18 17:27:15 UTC 2021] Downloading go_buildpack... (STDOUT, STG)#

#2.0#2021 02 18 17:27:23.223#Z#DEBUG#com.sap.cloud.lm.sl.xs2.4987b130-720e-11eb-a93a-eeee0a817d96.db.stageAppTask#
######org.cloudfoundry.multiapps.controller.persistence.services.ProcessLogger########flowable-async-job-executor-thread-1954###
[PollStageAppStatusExecution] [db] 86fceba7-4594-407c-862a-132a818953fd [Thu Feb 18 17:27:15 UTC 2021] Downloading sap_java_buildpack_1_32... (STDOUT, STG)#

#2.0#2021 02 18 17:27:23.223#Z#DEBUG#com.sap.cloud.lm.sl.xs2.4987b130-720e-11eb-a93a-eeee0a817d96.db.stageAppTask#
######org.cloudfoundry.multiapps.controller.persistence.services.ProcessLogger########flowable-async-job-executor-thread-1954###
[PollStageAppStatusExecution] [db] 86fceba7-4594-407c-862a-132a818953fd [Thu Feb 18 17:27:15 UTC 2021] Downloaded sap_java_buildpack_1_30 (STDOUT, STG)#

#2.0#2021 02 18 17:27:23.224#Z#DEBUG#com.sap.cloud.lm.sl.xs2.4987b130-720e-11eb-a93a-eeee0a817d96.db.stageAppTask#
######org.cloudfoundry.multiapps.controller.persistence.services.ProcessLogger########flowable-async-job-executor-thread-1954###
[PollStageAppStatusExecution] [db] 86fceba7-4594-407c-862a-132a818953fd [Thu Feb 18 17:27:15 UTC 2021] Downloading sap_java_buildpack... (STDOUT, STG)#

#2.0#2021 02 18 17:27:23.224#Z#DEBUG#com.sap.cloud.lm.sl.xs2.4987b130-720e-11eb-a93a-eeee0a817d96.db.stageAppTask#
######org.cloudfoundry.multiapps.controller.persistence.services.ProcessLogger########flowable-async-job-executor-thread-1954###
[PollStageAppStatusExecution] [db] 86fceba7-4594-407c-862a-132a818953fd [Thu Feb 18 17:27:15 UTC 2021] Downloaded python_buildpack (STDOUT, STG)#

#2.0#2021 02 18 17:27:23.224#Z#DEBUG#com.sap.cloud.lm.sl.xs2.4987b130-720e-11eb-a93a-eeee0a817d96.db.stageAppTask#
######org.cloudfoundry.multiapps.controller.persistence.services.ProcessLogger########flowable-async-job-executor-thread-1954###
[PollStageAppStatusExecution] [db] 86fceba7-4594-407c-862a-132a818953fd [Thu Feb 18 17:27:15 UTC 2021] Downloading binary_buildpack... (STDOUT, STG)#

#2.0#2021 02 18 17:27:23.224#Z#DEBUG#com.sap.cloud.lm.sl.xs2.4987b130-720e-11eb-a93a-eeee0a817d96.db.stageAppTask#
######org.cloudfoundry.multiapps.controller.persistence.services.ProcessLogger########flowable-async-job-executor-thread-1954###
[PollStageAppStatusExecution] [db] 86fceba7-4594-407c-862a-132a818953fd [Thu Feb 18 17:27:15 UTC 2021] Downloaded dotnet_core_buildpack (STDOUT, STG)#

#2.0#2021 02 18 17:27:23.224#Z#DEBUG#com.sap.cloud.lm.sl.xs2.4987b130-720e-11eb-a93a-eeee0a817d96.db.stageAppTask#
######org.cloudfoundry.multiapps.controller.persistence.services.ProcessLogger########flowable-async-job-executor-thread-1954###
[PollStageAppStatusExecution] [db] 86fceba7-4594-407c-862a-132a818953fd [Thu Feb 18 17:27:15 UTC 2021] Downloading sap_java_buildpack_1_31... (STDOUT, STG)#

#2.0#2021 02 18 17:27:23.224#Z#DEBUG#com.sap.cloud.lm.sl.xs2.4987b130-720e-11eb-a93a-eeee0a817d96.db.stageAppTask#
######org.cloudfoundry.multiapps.controller.persistence.services.ProcessLogger########flowable-async-job-executor-thread-1954###
[PollStageAppStatusExecution] [db] 86fceba7-4594-407c-862a-132a818953fd [Thu Feb 18 17:27:15 UTC 2021] Downloaded sap_java_buildpack_1_32 (STDOUT, STG)#

#2.0#2021 02 18 17:27:23.224#Z#DEBUG#com.sap.cloud.lm.sl.xs2.4987b130-720e-11eb-a93a-eeee0a817d96.db.stageAppTask#
######org.cloudfoundry.multiapps.controller.persistence.services.ProcessLogger########flowable-async-job-executor-thread-1954###
[PollStageAppStatusExecution] [db] 86fceba7-4594-407c-862a-132a818953fd [Thu Feb 18 17:27:15 UTC 2021] Downloaded go_buildpack (STDOUT, STG)#

#2.0#2021 02 18 17:27:23.224#Z#DEBUG#com.sap.cloud.lm.sl.xs2.4987b130-720e-11eb-a93a-eeee0a817d96.db.stageAppTask#
######org.cloudfoundry.multiapps.controller.persistence.services.ProcessLogger########flowable-async-job-executor-thread-1954###
[PollStageAppStatusExecution] [db] 86fceba7-4594-407c-862a-132a818953fd [Thu Feb 18 17:27:15 UTC 2021] Downloading php_buildpack... (STDOUT, STG)#

#2.0#2021 02 18 17:27:23.224#Z#DEBUG#com.sap.cloud.lm.sl.xs2.4987b130-720e-11eb-a93a-eeee0a817d96.db.stageAppTask#
######org.cloudfoundry.multiapps.controller.persistence.services.ProcessLogger########flowable-async-job-executor-thread-1954###
[PollStageAppStatusExecution] [db] 86fceba7-4594-407c-862a-132a818953fd [Thu Feb 18 17:27:15 UTC 2021] Downloaded binary_buildpack (STDOUT, STG)#

#2.0#2021 02 18 17:27:23.224#Z#DEBUG#com.sap.cloud.lm.sl.xs2.4987b130-720e-11eb-a93a-eeee0a817d96.db.stageAppTask#
######org.cloudfoundry.multiapps.controller.persistence.services.ProcessLogger########flowable-async-job-executor-thread-1954###
[PollStageAppStatusExecution] [db] 86fceba7-4594-407c-862a-132a818953fd [Thu Feb 18 17:27:15 UTC 2021] Downloading nginx_buildpack... (STDOUT, STG)#

#2.0#2021 02 18 17:27:23.224#Z#DEBUG#com.sap.cloud.lm.sl.xs2.4987b130-720e-11eb-a93a-eeee0a817d96.db.stageAppTask#
######org.cloudfoundry.multiapps.controller.persistence.services.ProcessLogger########flowable-async-job-executor-thread-1954###
[PollStageAppStatusExecution] [db] 86fceba7-4594-407c-862a-132a818953fd [Thu Feb 18 17:27:15 UTC 2021] Downloaded nodejs_buildpack (STDOUT, STG)#

#2.0#2021 02 18 17:27:23.224#Z#DEBUG#com.sap.cloud.lm.sl.xs2.4987b130-720e-11eb-a93a-eeee0a817d96.db.stageAppTask#
######org.cloudfoundry.multiapps.controller.persistence.services.ProcessLogger########flowable-async-job-executor-thread-1954###
[PollStageAppStatusExecution] [db] 86fceba7-4594-407c-862a-132a818953fd [Thu Feb 18 17:27:15 UTC 2021] Downloading java_buildpack... (STDOUT, STG)#

#2.0#2021 02 18 17:27:23.224#Z#DEBUG#com.sap.cloud.lm.sl.xs2.4987b130-720e-11eb-a93a-eeee0a817d96.db.stageAppTask#
######org.cloudfoundry.multiapps.controller.persistence.services.ProcessLogger########flowable-async-job-executor-thread-1954###
[PollStageAppStatusExecution] [db] 86fceba7-4594-407c-862a-132a818953fd [Thu Feb 18 17:27:15 UTC 2021] Downloaded sap_java_buildpack (STDOUT, STG)#

#2.0#2021 02 18 17:27:23.224#Z#DEBUG#com.sap.cloud.lm.sl.xs2.4987b130-720e-11eb-a93a-eeee0a817d96.db.stageAppTask#
######org.cloudfoundry.multiapps.controller.persistence.services.ProcessLogger########flowable-async-job-executor-thread-1954###
[PollStageAppStatusExecution] [db] 86fceba7-4594-407c-862a-132a818953fd [Thu Feb 18 17:27:15 UTC 2021] Downloaded sap_java_buildpack_1_31 (STDOUT, STG)#

#2.0#2021 02 18 17:27:23.224#Z#DEBUG#com.sap.cloud.lm.sl.xs2.4987b130-720e-11eb-a93a-eeee0a817d96.db.stageAppTask#
######org.cloudfoundry.multiapps.controller.persistence.services.ProcessLogger########flowable-async-job-executor-thread-1954###
[PollStageAppStatusExecution] [db] 86fceba7-4594-407c-862a-132a818953fd [Thu Feb 18 17:27:15 UTC 2021] Downloaded php_buildpack (STDOUT, STG)#

#2.0#2021 02 18 17:27:23.224#Z#DEBUG#com.sap.cloud.lm.sl.xs2.4987b130-720e-11eb-a93a-eeee0a817d96.db.stageAppTask#
######org.cloudfoundry.multiapps.controller.persistence.services.ProcessLogger########flowable-async-job-executor-thread-1954###
[PollStageAppStatusExecution] [db] 86fceba7-4594-407c-862a-132a818953fd [Thu Feb 18 17:27:15 UTC 2021] Downloaded java_buildpack (STDOUT, STG)#

#2.0#2021 02 18 17:27:23.224#Z#DEBUG#com.sap.cloud.lm.sl.xs2.4987b130-720e-11eb-a93a-eeee0a817d96.db.stageAppTask#
######org.cloudfoundry.multiapps.controller.persistence.services.ProcessLogger########flowable-async-job-executor-thread-1954###
[PollStageAppStatusExecution] [db] 86fceba7-4594-407c-862a-132a818953fd [Thu Feb 18 17:27:15 UTC 2021] Cell fdd447c5-3427-439e-be03-deb8a7c849e9 creating container for instance 1cb005e0-6af0-468d-8e1e-58ba8739ded7 (STDOUT, STG)#

#2.0#2021 02 18 17:27:23.225#Z#DEBUG#com.sap.cloud.lm.sl.xs2.4987b130-720e-11eb-a93a-eeee0a817d96.db.stageAppTask#
######org.cloudfoundry.multiapps.controller.persistence.services.ProcessLogger########flowable-async-job-executor-thread-1954###
[PollStageAppStatusExecution] [db] 86fceba7-4594-407c-862a-132a818953fd [Thu Feb 18 17:27:15 UTC 2021] Downloaded nginx_buildpack (STDOUT, STG)#

#2.0#2021 02 18 17:27:23.225#Z#DEBUG#com.sap.cloud.lm.sl.xs2.4987b130-720e-11eb-a93a-eeee0a817d96.db.stageAppTask#
######org.cloudfoundry.multiapps.controller.persistence.services.ProcessLogger########flowable-async-job-executor-thread-1954###
[PollStageAppStatusExecution] [db] 86fceba7-4594-407c-862a-132a818953fd [Thu Feb 18 17:27:16 UTC 2021] Cell fdd447c5-3427-439e-be03-deb8a7c849e9 successfully created container for instance 1cb005e0-6af0-468d-8e1e-58ba8739ded7 (STDOUT, STG)#

#2.0#2021 02 18 17:27:23.225#Z#DEBUG#com.sap.cloud.lm.sl.xs2.4987b130-720e-11eb-a93a-eeee0a817d96.db.stageAppTask#
######org.cloudfoundry.multiapps.controller.persistence.services.ProcessLogger########flowable-async-job-executor-thread-1954###
[PollStageAppStatusExecution] [db] 86fceba7-4594-407c-862a-132a818953fd [Thu Feb 18 17:27:17 UTC 2021] Downloading app package... (STDOUT, STG)#

#2.0#2021 02 18 17:27:23.225#Z#DEBUG#com.sap.cloud.lm.sl.xs2.4987b130-720e-11eb-a93a-eeee0a817d96.db.stageAppTask#
######org.cloudfoundry.multiapps.controller.persistence.services.ProcessLogger########flowable-async-job-executor-thread-1954###
[PollStageAppStatusExecution] [db] 86fceba7-4594-407c-862a-132a818953fd [Thu Feb 18 17:27:20 UTC 2021] Downloaded app package (54.1M) (STDOUT, STG)#

#2.0#2021 02 18 17:27:23.225#Z#DEBUG#com.sap.cloud.lm.sl.xs2.4987b130-720e-11eb-a93a-eeee0a817d96.db.stageAppTask#
######org.cloudfoundry.multiapps.controller.persistence.services.ProcessLogger########flowable-async-job-executor-thread-1954###
[PollStageAppStatusExecution] [db] 86fceba7-4594-407c-862a-132a818953fd [Thu Feb 18 17:27:20 UTC 2021] -----> Nodejs Buildpack version 1.7.37 (STDOUT, STG)#

#2.0#2021 02 18 17:27:23.225#Z#DEBUG#com.sap.cloud.lm.sl.xs2.4987b130-720e-11eb-a93a-eeee0a817d96.db.stageAppTask#
######org.cloudfoundry.multiapps.controller.persistence.services.ProcessLogger########flowable-async-job-executor-thread-1954###
[PollStageAppStatusExecution] [db] 86fceba7-4594-407c-862a-132a818953fd [Thu Feb 18 17:27:21 UTC 2021] -----> Installing binaries (STDOUT, STG)#

#2.0#2021 02 18 17:27:23.225#Z#DEBUG#com.sap.cloud.lm.sl.xs2.4987b130-720e-11eb-a93a-eeee0a817d96.db.stageAppTask#
######org.cloudfoundry.multiapps.controller.persistence.services.ProcessLogger########flowable-async-job-executor-thread-1954###
[PollStageAppStatusExecution] [db] 86fceba7-4594-407c-862a-132a818953fd [Thu Feb 18 17:27:21 UTC 2021]        Copy [/tmp/buildpacks/3d8591cf122d0193b4d8a14fd072f331/dependencies/3de8c6dfb8baca248d6400ed00409631/node_10.23.0_linux_x64_cflinuxfs3_e13e1ce3.tgz] (STDOUT, STG)#

#2.0#2021 02 18 17:27:23.225#Z#DEBUG#com.sap.cloud.lm.sl.xs2.4987b130-720e-11eb-a93a-eeee0a817d96.db.stageAppTask#
######org.cloudfoundry.multiapps.controller.persistence.services.ProcessLogger########flowable-async-job-executor-thread-1954###
[PollStageAppStatusExecution] [db] 86fceba7-4594-407c-862a-132a818953fd [Thu Feb 18 17:27:21 UTC 2021] -----> Installing node 10.23.0 (STDOUT, STG)#

#2.0#2021 02 18 17:27:23.225#Z#DEBUG#com.sap.cloud.lm.sl.xs2.4987b130-720e-11eb-a93a-eeee0a817d96.db.stageAppTask#
######org.cloudfoundry.multiapps.controller.persistence.services.ProcessLogger########flowable-async-job-executor-thread-1954###
[PollStageAppStatusExecution] [db] 86fceba7-4594-407c-862a-132a818953fd [Thu Feb 18 17:27:21 UTC 2021]        [31;1m**WARNING**[0m Node version not specified in package.json or .nvmrc. See: http://docs.cloudfoundry.org/buildpacks/node/node-tips.html (STDOUT, STG)#

#2.0#2021 02 18 17:27:23.225#Z#DEBUG#com.sap.cloud.lm.sl.xs2.4987b130-720e-11eb-a93a-eeee0a817d96.db.stageAppTask#
######org.cloudfoundry.multiapps.controller.persistence.services.ProcessLogger########flowable-async-job-executor-thread-1954###
[PollStageAppStatusExecution] [db] 86fceba7-4594-407c-862a-132a818953fd [Thu Feb 18 17:27:21 UTC 2021]        engines.npm (package.json): unspecified (use default) (STDOUT, STG)#

#2.0#2021 02 18 17:27:23.225#Z#DEBUG#com.sap.cloud.lm.sl.xs2.4987b130-720e-11eb-a93a-eeee0a817d96.db.stageAppTask#
######org.cloudfoundry.multiapps.controller.persistence.services.ProcessLogger########flowable-async-job-executor-thread-1954###
[PollStageAppStatusExecution] [db] 86fceba7-4594-407c-862a-132a818953fd [Thu Feb 18 17:27:21 UTC 2021]        engines.node (package.json): unspecified (STDOUT, STG)#

#2.0#2021 02 18 17:27:23.225#Z#DEBUG#com.sap.cloud.lm.sl.xs2.4987b130-720e-11eb-a93a-eeee0a817d96.db.stageAppTask#
######org.cloudfoundry.multiapps.controller.persistence.services.ProcessLogger########flowable-async-job-executor-thread-1954###
[PollStageAppStatusExecution] [db] 86fceba7-4594-407c-862a-132a818953fd [Thu Feb 18 17:27:22 UTC 2021]        Using default npm version: 6.14.8 (STDOUT, STG)#

#2.0#2021 02 18 17:27:33.980#Z#DEBUG#com.sap.cloud.lm.sl.xs2.4987b130-720e-11eb-a93a-eeee0a817d96.db.stageAppTask#
######org.cloudfoundry.multiapps.controller.persistence.services.ProcessLogger########flowable-async-job-executor-thread-1568###
[PollStageAppStatusExecution] [db] 86fceba7-4594-407c-862a-132a818953fd [Thu Feb 18 17:27:22 UTC 2021]        Copy [/tmp/buildpacks/3d8591cf122d0193b4d8a14fd072f331/dependencies/b7482b661544755fef03e2ceeb19057a/yarn_1.22.10_linux_noarch_any-stack_0057c1c9.tgz] (STDOUT, STG)#

#2.0#2021 02 18 17:27:33.980#Z#DEBUG#com.sap.cloud.lm.sl.xs2.4987b130-720e-11eb-a93a-eeee0a817d96.db.stageAppTask#
######org.cloudfoundry.multiapps.controller.persistence.services.ProcessLogger########flowable-async-job-executor-thread-1568###
[PollStageAppStatusExecution] [db] 86fceba7-4594-407c-862a-132a818953fd [Thu Feb 18 17:27:22 UTC 2021] -----> Installing yarn 1.22.10 (STDOUT, STG)#

#2.0#2021 02 18 17:27:33.980#Z#DEBUG#com.sap.cloud.lm.sl.xs2.4987b130-720e-11eb-a93a-eeee0a817d96.db.stageAppTask#
######org.cloudfoundry.multiapps.controller.persistence.services.ProcessLogger########flowable-async-job-executor-thread-1568###
[PollStageAppStatusExecution] [db] 86fceba7-4594-407c-862a-132a818953fd [Thu Feb 18 17:27:23 UTC 2021] -----> Creating runtime environment (STDOUT, STG)#

#2.0#2021 02 18 17:27:33.980#Z#DEBUG#com.sap.cloud.lm.sl.xs2.4987b130-720e-11eb-a93a-eeee0a817d96.db.stageAppTask#
######org.cloudfoundry.multiapps.controller.persistence.services.ProcessLogger########flowable-async-job-executor-thread-1568###
[PollStageAppStatusExecution] [db] 86fceba7-4594-407c-862a-132a818953fd [Thu Feb 18 17:27:23 UTC 2021]        Installed yarn 1.22.10 (STDOUT, STG)#

#2.0#2021 02 18 17:27:33.980#Z#DEBUG#com.sap.cloud.lm.sl.xs2.4987b130-720e-11eb-a93a-eeee0a817d96.db.stageAppTask#
######org.cloudfoundry.multiapps.controller.persistence.services.ProcessLogger########flowable-async-job-executor-thread-1568###
[PollStageAppStatusExecution] [db] 86fceba7-4594-407c-862a-132a818953fd [Thu Feb 18 17:27:23 UTC 2021]        Rebuilding any native modules (STDOUT, STG)#

#2.0#2021 02 18 17:27:33.980#Z#DEBUG#com.sap.cloud.lm.sl.xs2.4987b130-720e-11eb-a93a-eeee0a817d96.db.stageAppTask#
######org.cloudfoundry.multiapps.controller.persistence.services.ProcessLogger########flowable-async-job-executor-thread-1568###
[PollStageAppStatusExecution] [db] 86fceba7-4594-407c-862a-132a818953fd [Thu Feb 18 17:27:23 UTC 2021]        Prebuild detected (node_modules already exists) (STDOUT, STG)#

#2.0#2021 02 18 17:27:33.980#Z#DEBUG#com.sap.cloud.lm.sl.xs2.4987b130-720e-11eb-a93a-eeee0a817d96.db.stageAppTask#
######org.cloudfoundry.multiapps.controller.persistence.services.ProcessLogger########flowable-async-job-executor-thread-1568###
[PollStageAppStatusExecution] [db] 86fceba7-4594-407c-862a-132a818953fd [Thu Feb 18 17:27:23 UTC 2021] -----> Building dependencies (STDOUT, STG)#

#2.0#2021 02 18 17:27:33.980#Z#DEBUG#com.sap.cloud.lm.sl.xs2.4987b130-720e-11eb-a93a-eeee0a817d96.db.stageAppTask#
######org.cloudfoundry.multiapps.controller.persistence.services.ProcessLogger########flowable-async-job-executor-thread-1568###
[PollStageAppStatusExecution] [db] 86fceba7-4594-407c-862a-132a818953fd [Thu Feb 18 17:27:23 UTC 2021]        NPM_CONFIG_PRODUCTION=true (STDOUT, STG)#

#2.0#2021 02 18 17:27:33.980#Z#DEBUG#com.sap.cloud.lm.sl.xs2.4987b130-720e-11eb-a93a-eeee0a817d96.db.stageAppTask#
######org.cloudfoundry.multiapps.controller.persistence.services.ProcessLogger########flowable-async-job-executor-thread-1568###
[PollStageAppStatusExecution] [db] 86fceba7-4594-407c-862a-132a818953fd [Thu Feb 18 17:27:23 UTC 2021]        NPM_CONFIG_LOGLEVEL=error (STDOUT, STG)#

#2.0#2021 02 18 17:27:33.981#Z#DEBUG#com.sap.cloud.lm.sl.xs2.4987b130-720e-11eb-a93a-eeee0a817d96.db.stageAppTask#
######org.cloudfoundry.multiapps.controller.persistence.services.ProcessLogger########flowable-async-job-executor-thread-1568###
[PollStageAppStatusExecution] [db] 86fceba7-4594-407c-862a-132a818953fd [Thu Feb 18 17:27:23 UTC 2021]        NODE_VERBOSE=false (STDOUT, STG)#

#2.0#2021 02 18 17:27:33.981#Z#DEBUG#com.sap.cloud.lm.sl.xs2.4987b130-720e-11eb-a93a-eeee0a817d96.db.stageAppTask#
######org.cloudfoundry.multiapps.controller.persistence.services.ProcessLogger########flowable-async-job-executor-thread-1568###
[PollStageAppStatusExecution] [db] 86fceba7-4594-407c-862a-132a818953fd [Thu Feb 18 17:27:23 UTC 2021]        NODE_MODULES_CACHE=true (STDOUT, STG)#

#2.0#2021 02 18 17:27:33.981#Z#DEBUG#com.sap.cloud.lm.sl.xs2.4987b130-720e-11eb-a93a-eeee0a817d96.db.stageAppTask#
######org.cloudfoundry.multiapps.controller.persistence.services.ProcessLogger########flowable-async-job-executor-thread-1568###
[PollStageAppStatusExecution] [db] 86fceba7-4594-407c-862a-132a818953fd [Thu Feb 18 17:27:23 UTC 2021]        NODE_HOME=/tmp/contents002005338/deps/0/node (STDOUT, STG)#

#2.0#2021 02 18 17:27:33.981#Z#DEBUG#com.sap.cloud.lm.sl.xs2.4987b130-720e-11eb-a93a-eeee0a817d96.db.stageAppTask#
######org.cloudfoundry.multiapps.controller.persistence.services.ProcessLogger########flowable-async-job-executor-thread-1568###
[PollStageAppStatusExecution] [db] 86fceba7-4594-407c-862a-132a818953fd [Thu Feb 18 17:27:23 UTC 2021]        NODE_ENV=production (STDOUT, STG)#

#2.0#2021 02 18 17:27:33.981#Z#DEBUG#com.sap.cloud.lm.sl.xs2.4987b130-720e-11eb-a93a-eeee0a817d96.db.stageAppTask#
######org.cloudfoundry.multiapps.controller.persistence.services.ProcessLogger########flowable-async-job-executor-thread-1568###
[PollStageAppStatusExecution] [db] 86fceba7-4594-407c-862a-132a818953fd [Thu Feb 18 17:27:23 UTC 2021] > node checkbuild.js (STDOUT, STG)#

#2.0#2021 02 18 17:27:33.981#Z#DEBUG#com.sap.cloud.lm.sl.xs2.4987b130-720e-11eb-a93a-eeee0a817d96.db.stageAppTask#
######org.cloudfoundry.multiapps.controller.persistence.services.ProcessLogger########flowable-async-job-executor-thread-1568###
[PollStageAppStatusExecution] [db] 86fceba7-4594-407c-862a-132a818953fd [Thu Feb 18 17:27:23 UTC 2021] > @sap/hana-client@2.4.202 install /tmp/app/node_modules/@sap/hdi-deploy/node_modules/@sap/hana-client (STDOUT, STG)#

#2.0#2021 02 18 17:27:33.981#Z#DEBUG#com.sap.cloud.lm.sl.xs2.4987b130-720e-11eb-a93a-eeee0a817d96.db.stageAppTask#
######org.cloudfoundry.multiapps.controller.persistence.services.ProcessLogger########flowable-async-job-executor-thread-1568###
[PollStageAppStatusExecution] [db] 86fceba7-4594-407c-862a-132a818953fd [Thu Feb 18 17:27:24 UTC 2021] uglify-js@3.11.4 /tmp/app/node_modules/@sap/hdi-deploy/node_modules/uglify-js (STDOUT, STG)#

#2.0#2021 02 18 17:27:33.981#Z#DEBUG#com.sap.cloud.lm.sl.xs2.4987b130-720e-11eb-a93a-eeee0a817d96.db.stageAppTask#
######org.cloudfoundry.multiapps.controller.persistence.services.ProcessLogger########flowable-async-job-executor-thread-1568###
[PollStageAppStatusExecution] [db] 86fceba7-4594-407c-862a-132a818953fd [Thu Feb 18 17:27:24 UTC 2021] wordwrap@1.0.0 /tmp/app/node_modules/@sap/hdi-deploy/node_modules/wordwrap (STDOUT, STG)#

#2.0#2021 02 18 17:27:33.981#Z#DEBUG#com.sap.cloud.lm.sl.xs2.4987b130-720e-11eb-a93a-eeee0a817d96.db.stageAppTask#
######org.cloudfoundry.multiapps.controller.persistence.services.ProcessLogger########flowable-async-job-executor-thread-1568###
[PollStageAppStatusExecution] [db] 86fceba7-4594-407c-862a-132a818953fd [Thu Feb 18 17:27:24 UTC 2021] source-map@0.6.1 /tmp/app/node_modules/@sap/hdi-deploy/node_modules/source-map (STDOUT, STG)#

#2.0#2021 02 18 17:27:33.981#Z#DEBUG#com.sap.cloud.lm.sl.xs2.4987b130-720e-11eb-a93a-eeee0a817d96.db.stageAppTask#
######org.cloudfoundry.multiapps.controller.persistence.services.ProcessLogger########flowable-async-job-executor-thread-1568###
[PollStageAppStatusExecution] [db] 86fceba7-4594-407c-862a-132a818953fd [Thu Feb 18 17:27:24 UTC 2021] neo-async@2.6.2 /tmp/app/node_modules/@sap/hdi-deploy/node_modules/neo-async (STDOUT, STG)#

#2.0#2021 02 18 17:27:33.981#Z#DEBUG#com.sap.cloud.lm.sl.xs2.4987b130-720e-11eb-a93a-eeee0a817d96.db.stageAppTask#
######org.cloudfoundry.multiapps.controller.persistence.services.ProcessLogger########flowable-async-job-executor-thread-1568###
[PollStageAppStatusExecution] [db] 86fceba7-4594-407c-862a-132a818953fd [Thu Feb 18 17:27:24 UTC 2021] minimist@1.2.5 /tmp/app/node_modules/@sap/hdi-deploy/node_modules/minimist (STDOUT, STG)#

#2.0#2021 02 18 17:27:33.981#Z#DEBUG#com.sap.cloud.lm.sl.xs2.4987b130-720e-11eb-a93a-eeee0a817d96.db.stageAppTask#
######org.cloudfoundry.multiapps.controller.persistence.services.ProcessLogger########flowable-async-job-executor-thread-1568###
[PollStageAppStatusExecution] [db] 86fceba7-4594-407c-862a-132a818953fd [Thu Feb 18 17:27:24 UTC 2021] handlebars@4.7.6 /tmp/app/node_modules/@sap/hdi-deploy/node_modules/handlebars (STDOUT, STG)#

#2.0#2021 02 18 17:27:33.981#Z#DEBUG#com.sap.cloud.lm.sl.xs2.4987b130-720e-11eb-a93a-eeee0a817d96.db.stageAppTask#
######org.cloudfoundry.multiapps.controller.persistence.services.ProcessLogger########flowable-async-job-executor-thread-1568###
[PollStageAppStatusExecution] [db] 86fceba7-4594-407c-862a-132a818953fd [Thu Feb 18 17:27:24 UTC 2021] extsprintf@1.4.0 /tmp/app/node_modules/@sap/hdi-deploy/node_modules/extsprintf (STDOUT, STG)#

#2.0#2021 02 18 17:27:33.981#Z#DEBUG#com.sap.cloud.lm.sl.xs2.4987b130-720e-11eb-a93a-eeee0a817d96.db.stageAppTask#
######org.cloudfoundry.multiapps.controller.persistence.services.ProcessLogger########flowable-async-job-executor-thread-1568###
[PollStageAppStatusExecution] [db] 86fceba7-4594-407c-862a-132a818953fd [Thu Feb 18 17:27:24 UTC 2021] core-util-is@1.0.2 /tmp/app/node_modules/@sap/hdi-deploy/node_modules/core-util-is (STDOUT, STG)#

#2.0#2021 02 18 17:27:33.981#Z#DEBUG#com.sap.cloud.lm.sl.xs2.4987b130-720e-11eb-a93a-eeee0a817d96.db.stageAppTask#
######org.cloudfoundry.multiapps.controller.persistence.services.ProcessLogger########flowable-async-job-executor-thread-1568###
[PollStageAppStatusExecution] [db] 86fceba7-4594-407c-862a-132a818953fd [Thu Feb 18 17:27:24 UTC 2021] assert-plus@1.0.0 /tmp/app/node_modules/@sap/hdi-deploy/node_modules/assert-plus (STDOUT, STG)#

#2.0#2021 02 18 17:27:33.982#Z#DEBUG#com.sap.cloud.lm.sl.xs2.4987b130-720e-11eb-a93a-eeee0a817d96.db.stageAppTask#
######org.cloudfoundry.multiapps.controller.persistence.services.ProcessLogger########flowable-async-job-executor-thread-1568###
[PollStageAppStatusExecution] [db] 86fceba7-4594-407c-862a-132a818953fd [Thu Feb 18 17:27:24 UTC 2021] verror@1.10.0 /tmp/app/node_modules/@sap/hdi-deploy/node_modules/verror (STDOUT, STG)#

#2.0#2021 02 18 17:27:33.982#Z#DEBUG#com.sap.cloud.lm.sl.xs2.4987b130-720e-11eb-a93a-eeee0a817d96.db.stageAppTask#
######org.cloudfoundry.multiapps.controller.persistence.services.ProcessLogger########flowable-async-job-executor-thread-1568###
[PollStageAppStatusExecution] [db] 86fceba7-4594-407c-862a-132a818953fd [Thu Feb 18 17:27:24 UTC 2021] ms@2.0.0 /tmp/app/node_modules/@sap/hdi-deploy/node_modules/@sap/xsenv/node_modules/ms (STDOUT, STG)#

#2.0#2021 02 18 17:27:33.982#Z#DEBUG#com.sap.cloud.lm.sl.xs2.4987b130-720e-11eb-a93a-eeee0a817d96.db.stageAppTask#
######org.cloudfoundry.multiapps.controller.persistence.services.ProcessLogger########flowable-async-job-executor-thread-1568###
[PollStageAppStatusExecution] [db] 86fceba7-4594-407c-862a-132a818953fd [Thu Feb 18 17:27:24 UTC 2021] debug@3.1.0 /tmp/app/node_modules/@sap/hdi-deploy/node_modules/@sap/xsenv/node_modules/debug (STDOUT, STG)#

#2.0#2021 02 18 17:27:33.982#Z#DEBUG#com.sap.cloud.lm.sl.xs2.4987b130-720e-11eb-a93a-eeee0a817d96.db.stageAppTask#
######org.cloudfoundry.multiapps.controller.persistence.services.ProcessLogger########flowable-async-job-executor-thread-1568###
[PollStageAppStatusExecution] [db] 86fceba7-4594-407c-862a-132a818953fd [Thu Feb 18 17:27:24 UTC 2021] @sap/xsenv@2.2.0 /tmp/app/node_modules/@sap/hdi-deploy/node_modules/@sap/xsenv (STDOUT, STG)#

#2.0#2021 02 18 17:27:33.982#Z#DEBUG#com.sap.cloud.lm.sl.xs2.4987b130-720e-11eb-a93a-eeee0a817d96.db.stageAppTask#
######org.cloudfoundry.multiapps.controller.persistence.services.ProcessLogger########flowable-async-job-executor-thread-1568###
[PollStageAppStatusExecution] [db] 86fceba7-4594-407c-862a-132a818953fd [Thu Feb 18 17:27:24 UTC 2021] async@3.1.0 /tmp/app/node_modules/@sap/hdi-deploy/node_modules/async (STDOUT, STG)#

#2.0#2021 02 18 17:27:33.982#Z#DEBUG#com.sap.cloud.lm.sl.xs2.4987b130-720e-11eb-a93a-eeee0a817d96.db.stageAppTask#
######org.cloudfoundry.multiapps.controller.persistence.services.ProcessLogger########flowable-async-job-executor-thread-1568###
[PollStageAppStatusExecution] [db] 86fceba7-4594-407c-862a-132a818953fd [Thu Feb 18 17:27:24 UTC 2021] @sap/hdi@2.2.7 /tmp/app/node_modules/@sap/hdi-deploy/node_modules/@sap/hdi (STDOUT, STG)#

#2.0#2021 02 18 17:27:33.982#Z#DEBUG#com.sap.cloud.lm.sl.xs2.4987b130-720e-11eb-a93a-eeee0a817d96.db.stageAppTask#
######org.cloudfoundry.multiapps.controller.persistence.services.ProcessLogger########flowable-async-job-executor-thread-1568###
[PollStageAppStatusExecution] [db] 86fceba7-4594-407c-862a-132a818953fd [Thu Feb 18 17:27:24 UTC 2021] ms@2.0.0 /tmp/app/node_modules/@sap/hdi-deploy/node_modules/@sap/hana-client/node_modules/ms (STDOUT, STG)#

#2.0#2021 02 18 17:27:33.982#Z#DEBUG#com.sap.cloud.lm.sl.xs2.4987b130-720e-11eb-a93a-eeee0a817d96.db.stageAppTask#
######org.cloudfoundry.multiapps.controller.persistence.services.ProcessLogger########flowable-async-job-executor-thread-1568###
[PollStageAppStatusExecution] [db] 86fceba7-4594-407c-862a-132a818953fd [Thu Feb 18 17:27:24 UTC 2021] debug@3.1.0 /tmp/app/node_modules/@sap/hdi-deploy/node_modules/@sap/hana-client/node_modules/debug (STDOUT, STG)#

#2.0#2021 02 18 17:27:33.982#Z#DEBUG#com.sap.cloud.lm.sl.xs2.4987b130-720e-11eb-a93a-eeee0a817d96.db.stageAppTask#
######org.cloudfoundry.multiapps.controller.persistence.services.ProcessLogger########flowable-async-job-executor-thread-1568###
[PollStageAppStatusExecution] [db] 86fceba7-4594-407c-862a-132a818953fd [Thu Feb 18 17:27:24 UTC 2021] @sap/hana-client@2.4.202 /tmp/app/node_modules/@sap/hdi-deploy/node_modules/@sap/hana-client (STDOUT, STG)#

#2.0#2021 02 18 17:27:33.982#Z#DEBUG#com.sap.cloud.lm.sl.xs2.4987b130-720e-11eb-a93a-eeee0a817d96.db.stageAppTask#
######org.cloudfoundry.multiapps.controller.persistence.services.ProcessLogger########flowable-async-job-executor-thread-1568###
[PollStageAppStatusExecution] [db] 86fceba7-4594-407c-862a-132a818953fd [Thu Feb 18 17:27:24 UTC 2021] @sap/hdi-deploy@3.11.15 /tmp/app/node_modules/@sap/hdi-deploy (STDOUT, STG)#

#2.0#2021 02 18 17:27:33.982#Z#DEBUG#com.sap.cloud.lm.sl.xs2.4987b130-720e-11eb-a93a-eeee0a817d96.db.stageAppTask#
######org.cloudfoundry.multiapps.controller.persistence.services.ProcessLogger########flowable-async-job-executor-thread-1568###
[PollStageAppStatusExecution] [db] 86fceba7-4594-407c-862a-132a818953fd [Thu Feb 18 17:27:24 UTC 2021]        Installing any new modules (package.json + package-lock.json) (STDOUT, STG)#

#2.0#2021 02 18 17:27:33.982#Z#DEBUG#com.sap.cloud.lm.sl.xs2.4987b130-720e-11eb-a93a-eeee0a817d96.db.stageAppTask#
######org.cloudfoundry.multiapps.controller.persistence.services.ProcessLogger########flowable-async-job-executor-thread-1568###
[PollStageAppStatusExecution] [db] 86fceba7-4594-407c-862a-132a818953fd [Thu Feb 18 17:27:24 UTC 2021] up to date in 0.176s (STDOUT, STG)#

#2.0#2021 02 18 17:27:33.982#Z#DEBUG#com.sap.cloud.lm.sl.xs2.4987b130-720e-11eb-a93a-eeee0a817d96.db.stageAppTask#
######org.cloudfoundry.multiapps.controller.persistence.services.ProcessLogger########flowable-async-job-executor-thread-1568###
[PollStageAppStatusExecution] [db] 86fceba7-4594-407c-862a-132a818953fd [Thu Feb 18 17:27:26 UTC 2021]        Contrast Security no credentials found. Will not write environment files. (STDOUT, STG)#

#2.0#2021 02 18 17:27:43.463#Z#DEBUG#com.sap.cloud.lm.sl.xs2.4987b130-720e-11eb-a93a-eeee0a817d96.db.stageAppTask#
######org.cloudfoundry.multiapps.controller.persistence.services.ProcessLogger########flowable-async-job-executor-thread-897###
[PollStageAppStatusExecution] [db] 86fceba7-4594-407c-862a-132a818953fd [Thu Feb 18 17:27:39 UTC 2021] Exit status 0 (STDOUT, STG)#

#2.0#2021 02 18 17:27:43.463#Z#DEBUG#com.sap.cloud.lm.sl.xs2.4987b130-720e-11eb-a93a-eeee0a817d96.db.stageAppTask#
######org.cloudfoundry.multiapps.controller.persistence.services.ProcessLogger########flowable-async-job-executor-thread-897###
[PollStageAppStatusExecution] [db] 86fceba7-4594-407c-862a-132a818953fd [Thu Feb 18 17:27:39 UTC 2021] Uploading droplet... (STDOUT, STG)#

#2.0#2021 02 18 17:27:43.463#Z#DEBUG#com.sap.cloud.lm.sl.xs2.4987b130-720e-11eb-a93a-eeee0a817d96.db.stageAppTask#
######org.cloudfoundry.multiapps.controller.persistence.services.ProcessLogger########flowable-async-job-executor-thread-897###
[PollStageAppStatusExecution] [db] 86fceba7-4594-407c-862a-132a818953fd [Thu Feb 18 17:27:39 UTC 2021] Uploading build artifacts cache... (STDOUT, STG)#

#2.0#2021 02 18 17:27:43.463#Z#DEBUG#com.sap.cloud.lm.sl.xs2.4987b130-720e-11eb-a93a-eeee0a817d96.db.stageAppTask#
######org.cloudfoundry.multiapps.controller.persistence.services.ProcessLogger########flowable-async-job-executor-thread-897###
[PollStageAppStatusExecution] [db] 86fceba7-4594-407c-862a-132a818953fd [Thu Feb 18 17:27:39 UTC 2021] Uploading droplet, build artifacts cache... (STDOUT, STG)#

#2.0#2021 02 18 17:27:43.463#Z#DEBUG#com.sap.cloud.lm.sl.xs2.4987b130-720e-11eb-a93a-eeee0a817d96.db.stageAppTask#
######org.cloudfoundry.multiapps.controller.persistence.services.ProcessLogger########flowable-async-job-executor-thread-897###
[PollStageAppStatusExecution] [db] 86fceba7-4594-407c-862a-132a818953fd [Thu Feb 18 17:27:39 UTC 2021] Uploaded build artifacts cache (216B) (STDOUT, STG)#

#2.0#2021 02 18 17:27:43.463#Z#DEBUG#com.sap.cloud.lm.sl.xs2.4987b130-720e-11eb-a93a-eeee0a817d96.db.stageAppTask#
######org.cloudfoundry.multiapps.controller.persistence.services.ProcessLogger########flowable-async-job-executor-thread-897###
[PollStageAppStatusExecution] [db] 86fceba7-4594-407c-862a-132a818953fd [Thu Feb 18 17:27:40 UTC 2021] Creating droplet for app with guid 86fceba7-4594-407c-862a-132a818953fd (STDOUT, API)#

#2.0#2021 02 18 17:27:53.242#Z#DEBUG#com.sap.cloud.lm.sl.xs2.4987b130-720e-11eb-a93a-eeee0a817d96.db.stageAppTask#
######org.cloudfoundry.multiapps.controller.persistence.services.ProcessLogger########flowable-async-job-executor-thread-1578###
[PollStageAppStatusExecution] [db] 86fceba7-4594-407c-862a-132a818953fd [Thu Feb 18 17:27:47 UTC 2021] Uploaded droplet (75.1M) (STDOUT, STG)#

#2.0#2021 02 18 17:27:53.243#Z#DEBUG#com.sap.cloud.lm.sl.xs2.4987b130-720e-11eb-a93a-eeee0a817d96.db.stageAppTask#
######org.cloudfoundry.multiapps.controller.persistence.services.ProcessLogger########flowable-async-job-executor-thread-1578###
[PollStageAppStatusExecution] [db] 86fceba7-4594-407c-862a-132a818953fd [Thu Feb 18 17:27:47 UTC 2021] Uploading complete (STDOUT, STG)#

#2.0#2021 02 18 17:27:53.243#Z#DEBUG#com.sap.cloud.lm.sl.xs2.4987b130-720e-11eb-a93a-eeee0a817d96.db.stageAppTask#
######org.cloudfoundry.multiapps.controller.persistence.services.ProcessLogger########flowable-async-job-executor-thread-1578###
[PollStageAppStatusExecution] [db] 86fceba7-4594-407c-862a-132a818953fd [Thu Feb 18 17:27:47 UTC 2021] Cell fdd447c5-3427-439e-be03-deb8a7c849e9 destroying container for instance 1cb005e0-6af0-468d-8e1e-58ba8739ded7 (STDOUT, STG)#

#2.0#2021 02 18 17:27:53.243#Z#DEBUG#com.sap.cloud.lm.sl.xs2.4987b130-720e-11eb-a93a-eeee0a817d96.db.stageAppTask#
######org.cloudfoundry.multiapps.controller.persistence.services.ProcessLogger########flowable-async-job-executor-thread-1578###
[PollStageAppStatusExecution] [db] 86fceba7-4594-407c-862a-132a818953fd [Thu Feb 18 17:27:47 UTC 2021] Cell fdd447c5-3427-439e-be03-deb8a7c849e9 stopping instance 1cb005e0-6af0-468d-8e1e-58ba8739ded7 (STDOUT, STG)#

#2.0#2021 02 18 17:27:53.243#Z#DEBUG#com.sap.cloud.lm.sl.xs2.4987b130-720e-11eb-a93a-eeee0a817d96.db.stageAppTask#
######org.cloudfoundry.multiapps.controller.persistence.services.ProcessLogger########flowable-async-job-executor-thread-1578###
[PollStageAppStatusExecution] [db] 86fceba7-4594-407c-862a-132a818953fd [Thu Feb 18 17:27:48 UTC 2021] Cell fdd447c5-3427-439e-be03-deb8a7c849e9 successfully destroyed container for instance 1cb005e0-6af0-468d-8e1e-58ba8739ded7 (STDOUT, STG)#

#2.0#2021 02 18 17:28:03.327#Z#DEBUG#com.sap.cloud.lm.sl.xs2.4987b130-720e-11eb-a93a-eeee0a817d96.db.executeTaskTask#
######org.cloudfoundry.multiapps.controller.persistence.services.ProcessLogger########flowable-async-job-executor-thread-1968###
[PollExecuteTaskStatusExecution] [db] 86fceba7-4594-407c-862a-132a818953fd [Thu Feb 18 17:27:53 UTC 2021] Updated app with guid 86fceba7-4594-407c-862a-132a818953fd ({:droplet_guid=>"c6af6f7a-ee89-4ec0-a1ef-021f27b90bd2"}) (STDOUT, API)#

#2.0#2021 02 18 17:28:03.327#Z#DEBUG#com.sap.cloud.lm.sl.xs2.4987b130-720e-11eb-a93a-eeee0a817d96.db.executeTaskTask#
######org.cloudfoundry.multiapps.controller.persistence.services.ProcessLogger########flowable-async-job-executor-thread-1968###
[PollExecuteTaskStatusExecution] [db] 86fceba7-4594-407c-862a-132a818953fd [Thu Feb 18 17:27:54 UTC 2021] Cell fdd447c5-3427-439e-be03-deb8a7c849e9 creating container for instance 8c7248a5-72e8-432a-ba71-acff239e00a7 (STDOUT, CELL)#

#2.0#2021 02 18 17:28:03.328#Z#DEBUG#com.sap.cloud.lm.sl.xs2.4987b130-720e-11eb-a93a-eeee0a817d96.db.executeTaskTask#
######org.cloudfoundry.multiapps.controller.persistence.services.ProcessLogger########flowable-async-job-executor-thread-1968###
[PollExecuteTaskStatusExecution] [db] 86fceba7-4594-407c-862a-132a818953fd [Thu Feb 18 17:27:55 UTC 2021] Cell fdd447c5-3427-439e-be03-deb8a7c849e9 successfully created container for instance 8c7248a5-72e8-432a-ba71-acff239e00a7 (STDOUT, CELL)#

#2.0#2021 02 18 17:28:03.328#Z#DEBUG#com.sap.cloud.lm.sl.xs2.4987b130-720e-11eb-a93a-eeee0a817d96.db.executeTaskTask#
######org.cloudfoundry.multiapps.controller.persistence.services.ProcessLogger########flowable-async-job-executor-thread-1968###
[PollExecuteTaskStatusExecution] [db] 86fceba7-4594-407c-862a-132a818953fd [Thu Feb 18 17:28:00 UTC 2021] > node node_modules/@sap/hdi-deploy/deploy.js (STDOUT, APP/TASK/deploy)#

#2.0#2021 02 18 17:28:03.328#Z#DEBUG#com.sap.cloud.lm.sl.xs2.4987b130-720e-11eb-a93a-eeee0a817d96.db.executeTaskTask#
######org.cloudfoundry.multiapps.controller.persistence.services.ProcessLogger########flowable-async-job-executor-thread-1968###
[PollExecuteTaskStatusExecution] [db] 86fceba7-4594-407c-862a-132a818953fd [Thu Feb 18 17:28:00 UTC 2021] > deploy@ start /home/vcap/app (STDOUT, APP/TASK/deploy)#

#2.0#2021 02 18 17:28:03.328#Z#DEBUG#com.sap.cloud.lm.sl.xs2.4987b130-720e-11eb-a93a-eeee0a817d96.db.executeTaskTask#
######org.cloudfoundry.multiapps.controller.persistence.services.ProcessLogger########flowable-async-job-executor-thread-1968###
[PollExecuteTaskStatusExecution] [db] 86fceba7-4594-407c-862a-132a818953fd [Thu Feb 18 17:28:01 UTC 2021] @sap/hdi-deploy, version 3.11.15 (mode default), server version 4.00.000.00.1612276876 (4.0.0.0), node version 10.23.0, HDI version 1004, container API version 1003 (STDOUT, APP/TASK/deploy)#

#2.0#2021 02 18 17:28:03.328#Z#DEBUG#com.sap.cloud.lm.sl.xs2.4987b130-720e-11eb-a93a-eeee0a817d96.db.executeTaskTask#
######org.cloudfoundry.multiapps.controller.persistence.services.ProcessLogger########flowable-async-job-executor-thread-1968###
[PollExecuteTaskStatusExecution] [db] 86fceba7-4594-407c-862a-132a818953fd [Thu Feb 18 17:28:01 UTC 2021] Collecting files... (STDOUT, APP/TASK/deploy)#

#2.0#2021 02 18 17:28:03.328#Z#DEBUG#com.sap.cloud.lm.sl.xs2.4987b130-720e-11eb-a93a-eeee0a817d96.db.executeTaskTask#
######org.cloudfoundry.multiapps.controller.persistence.services.ProcessLogger########flowable-async-job-executor-thread-1968###
[PollExecuteTaskStatusExecution] [db] 86fceba7-4594-407c-862a-132a818953fd [Thu Feb 18 17:28:01 UTC 2021] No ignore file at /home/vcap/app/.hdiignore. (STDOUT, APP/TASK/deploy)#

#2.0#2021 02 18 17:28:03.328#Z#DEBUG#com.sap.cloud.lm.sl.xs2.4987b130-720e-11eb-a93a-eeee0a817d96.db.executeTaskTask#
######org.cloudfoundry.multiapps.controller.persistence.services.ProcessLogger########flowable-async-job-executor-thread-1968###
[PollExecuteTaskStatusExecution] [db] 86fceba7-4594-407c-862a-132a818953fd [Thu Feb 18 17:28:01 UTC 2021] 1 directories collected (STDOUT, APP/TASK/deploy)#

#2.0#2021 02 18 17:28:03.328#Z#DEBUG#com.sap.cloud.lm.sl.xs2.4987b130-720e-11eb-a93a-eeee0a817d96.db.executeTaskTask#
######org.cloudfoundry.multiapps.controller.persistence.services.ProcessLogger########flowable-async-job-executor-thread-1968###
[PollExecuteTaskStatusExecution] [db] 86fceba7-4594-407c-862a-132a818953fd [Thu Feb 18 17:28:01 UTC 2021] Collecting files... ok (0s 4ms) (STDOUT, APP/TASK/deploy)#

#2.0#2021 02 18 17:28:03.328#Z#DEBUG#com.sap.cloud.lm.sl.xs2.4987b130-720e-11eb-a93a-eeee0a817d96.db.executeTaskTask#
######org.cloudfoundry.multiapps.controller.persistence.services.ProcessLogger########flowable-async-job-executor-thread-1968###
[PollExecuteTaskStatusExecution] [db] 86fceba7-4594-407c-862a-132a818953fd [Thu Feb 18 17:28:01 UTC 2021] Target service: hdi_db (STDOUT, APP/TASK/deploy)#

#2.0#2021 02 18 17:28:03.328#Z#DEBUG#com.sap.cloud.lm.sl.xs2.4987b130-720e-11eb-a93a-eeee0a817d96.db.executeTaskTask#
######org.cloudfoundry.multiapps.controller.persistence.services.ProcessLogger########flowable-async-job-executor-thread-1968###
[PollExecuteTaskStatusExecution] [db] 86fceba7-4594-407c-862a-132a818953fd [Thu Feb 18 17:28:01 UTC 2021] 0 reusable modules collected (STDOUT, APP/TASK/deploy)#

#2.0#2021 02 18 17:28:03.328#Z#DEBUG#com.sap.cloud.lm.sl.xs2.4987b130-720e-11eb-a93a-eeee0a817d96.db.executeTaskTask#
######org.cloudfoundry.multiapps.controller.persistence.services.ProcessLogger########flowable-async-job-executor-thread-1968###
[PollExecuteTaskStatusExecution] [db] 86fceba7-4594-407c-862a-132a818953fd [Thu Feb 18 17:28:01 UTC 2021] 3 files collected (STDOUT, APP/TASK/deploy)#

#2.0#2021 02 18 17:28:03.328#Z#DEBUG#com.sap.cloud.lm.sl.xs2.4987b130-720e-11eb-a93a-eeee0a817d96.db.executeTaskTask#
######org.cloudfoundry.multiapps.controller.persistence.services.ProcessLogger########flowable-async-job-executor-thread-1968###
[PollExecuteTaskStatusExecution] [db] 86fceba7-4594-407c-862a-132a818953fd [Thu Feb 18 17:28:01 UTC 2021] Session variable APPLICATION is set to "SAP_HDI/HANA Productivo/Tiendas_Chedraui,_S.A._de_C.V._gcchsacprd". (STDOUT, APP/TASK/deploy)#

#2.0#2021 02 18 17:28:03.328#Z#DEBUG#com.sap.cloud.lm.sl.xs2.4987b130-720e-11eb-a93a-eeee0a817d96.db.executeTaskTask#
######org.cloudfoundry.multiapps.controller.persistence.services.ProcessLogger########flowable-async-job-executor-thread-1968###
[PollExecuteTaskStatusExecution] [db] 86fceba7-4594-407c-862a-132a818953fd [Thu Feb 18 17:28:01 UTC 2021] Processing grants files... ok (0s 0ms) (STDOUT, APP/TASK/deploy)#

#2.0#2021 02 18 17:28:03.328#Z#DEBUG#com.sap.cloud.lm.sl.xs2.4987b130-720e-11eb-a93a-eeee0a817d96.db.executeTaskTask#
######org.cloudfoundry.multiapps.controller.persistence.services.ProcessLogger########flowable-async-job-executor-thread-1968###
[PollExecuteTaskStatusExecution] [db] 86fceba7-4594-407c-862a-132a818953fd [Thu Feb 18 17:28:01 UTC 2021] Processing grants files... (STDOUT, APP/TASK/deploy)#

#2.0#2021 02 18 17:28:03.328#Z#DEBUG#com.sap.cloud.lm.sl.xs2.4987b130-720e-11eb-a93a-eeee0a817d96.db.executeTaskTask#
######org.cloudfoundry.multiapps.controller.persistence.services.ProcessLogger########flowable-async-job-executor-thread-1968###
[PollExecuteTaskStatusExecution] [db] 86fceba7-4594-407c-862a-132a818953fd [Thu Feb 18 17:28:01 UTC 2021] Processing revoke files... ok (0s 0ms) (STDOUT, APP/TASK/deploy)#

#2.0#2021 02 18 17:28:03.328#Z#DEBUG#com.sap.cloud.lm.sl.xs2.4987b130-720e-11eb-a93a-eeee0a817d96.db.executeTaskTask#
######org.cloudfoundry.multiapps.controller.persistence.services.ProcessLogger########flowable-async-job-executor-thread-1968###
[PollExecuteTaskStatusExecution] [db] 86fceba7-4594-407c-862a-132a818953fd [Thu Feb 18 17:28:01 UTC 2021] Processing revoke files... (STDOUT, APP/TASK/deploy)#

#2.0#2021 02 18 17:28:03.328#Z#DEBUG#com.sap.cloud.lm.sl.xs2.4987b130-720e-11eb-a93a-eeee0a817d96.db.executeTaskTask#
######org.cloudfoundry.multiapps.controller.persistence.services.ProcessLogger########flowable-async-job-executor-thread-1968###
[PollExecuteTaskStatusExecution] [db] 86fceba7-4594-407c-862a-132a818953fd [Thu Feb 18 17:28:01 UTC 2021] Previous build with request ID 344 finished at 2021-02-18 17:25:34.973374000 with status Finished and message: Configuring libraries in the container "1C513BE864334BBA9245667590415072"; removing []; updating or adding [com.sap.hana.di.analyticprivilege, com.sap.hana.di.applicationtime, com.sap.hana.di.calculationview, com.sap.hana.di.collection, com.sap.hana.di.constraint, com.sap.hana.di.copyonly, com.sap.hana.di.dropcreatetable, com.sap.hana.di.flowgraph, com.sap.hana.di.function, com.sap.hana.di.graphworkspace, com.sap.hana.di.index, com.sap.hana.di.library, com.sap.hana.di.logicalschema, com.sap.hana.di.procedure, com.sap.hana.di.projectionview, com.sap.hana.di.remotetable, com.sap.hana.di.reptask, com.sap.hana.di.resultcache, com.sap.hana.di.role, com.sap.hana.di.searchruleset, com.sap.hana.di.sequence, com.sap.hana.di.statistics, com.sap.hana.di.structuredprivilege, com.sap.hana.di.synonym, com.sap.hana.di.systemversioning, com.sap.hana.di.table, com.sap.hana.di.tabledata, com.sap.hana.di.tabletype, com.sap.hana.di.trigger, com.sap.hana.di.view, com.sap.hana.di.virtualfunction, com.sap.hana.di.virtualpackage, com.sap.hana.di.virtualprocedure, com.sap.hana.di.virtualtable]... ok. (STDOUT, APP/TASK/deploy)#

#2.0#2021 02 18 17:28:03.329#Z#DEBUG#com.sap.cloud.lm.sl.xs2.4987b130-720e-11eb-a93a-eeee0a817d96.db.executeTaskTask#
######org.cloudfoundry.multiapps.controller.persistence.services.ProcessLogger########flowable-async-job-executor-thread-1968###
[PollExecuteTaskStatusExecution] [db] 86fceba7-4594-407c-862a-132a818953fd [Thu Feb 18 17:28:01 UTC 2021] Connecting to the container "1C513BE864334BBA9245667590415072"... (STDOUT, APP/TASK/deploy)#

#2.0#2021 02 18 17:28:03.329#Z#DEBUG#com.sap.cloud.lm.sl.xs2.4987b130-720e-11eb-a93a-eeee0a817d96.db.executeTaskTask#
######org.cloudfoundry.multiapps.controller.persistence.services.ProcessLogger########flowable-async-job-executor-thread-1968###
[PollExecuteTaskStatusExecution] [db] 86fceba7-4594-407c-862a-132a818953fd [Thu Feb 18 17:28:01 UTC 2021] Preprocessing files... ok (0s 0ms) (STDOUT, APP/TASK/deploy)#

#2.0#2021 02 18 17:28:03.329#Z#DEBUG#com.sap.cloud.lm.sl.xs2.4987b130-720e-11eb-a93a-eeee0a817d96.db.executeTaskTask#
######org.cloudfoundry.multiapps.controller.persistence.services.ProcessLogger########flowable-async-job-executor-thread-1968###
[PollExecuteTaskStatusExecution] [db] 86fceba7-4594-407c-862a-132a818953fd [Thu Feb 18 17:28:01 UTC 2021] Preprocessing files... (STDOUT, APP/TASK/deploy)#

#2.0#2021 02 18 17:28:03.329#Z#DEBUG#com.sap.cloud.lm.sl.xs2.4987b130-720e-11eb-a93a-eeee0a817d96.db.executeTaskTask#
######org.cloudfoundry.multiapps.controller.persistence.services.ProcessLogger########flowable-async-job-executor-thread-1968###
[PollExecuteTaskStatusExecution] [db] 86fceba7-4594-407c-862a-132a818953fd [Thu Feb 18 17:28:01 UTC 2021] Locking the container "1C513BE864334BBA9245667590415072"... (STDOUT, APP/TASK/deploy)#

#2.0#2021 02 18 17:28:03.329#Z#DEBUG#com.sap.cloud.lm.sl.xs2.4987b130-720e-11eb-a93a-eeee0a817d96.db.executeTaskTask#
######org.cloudfoundry.multiapps.controller.persistence.services.ProcessLogger########flowable-async-job-executor-thread-1968###
[PollExecuteTaskStatusExecution] [db] 86fceba7-4594-407c-862a-132a818953fd [Thu Feb 18 17:28:01 UTC 2021] Connecting to the container "1C513BE864334BBA9245667590415072"... ok (0s 94ms) (STDOUT, APP/TASK/deploy)#

#2.0#2021 02 18 17:28:03.329#Z#DEBUG#com.sap.cloud.lm.sl.xs2.4987b130-720e-11eb-a93a-eeee0a817d96.db.executeTaskTask#
######org.cloudfoundry.multiapps.controller.persistence.services.ProcessLogger########flowable-async-job-executor-thread-1968###
[PollExecuteTaskStatusExecution] [db] 86fceba7-4594-407c-862a-132a818953fd [Thu Feb 18 17:28:01 UTC 2021]   Deleting files... (STDOUT, APP/TASK/deploy)#

#2.0#2021 02 18 17:28:03.329#Z#DEBUG#com.sap.cloud.lm.sl.xs2.4987b130-720e-11eb-a93a-eeee0a817d96.db.executeTaskTask#
######org.cloudfoundry.multiapps.controller.persistence.services.ProcessLogger########flowable-async-job-executor-thread-1968###
[PollExecuteTaskStatusExecution] [db] 86fceba7-4594-407c-862a-132a818953fd [Thu Feb 18 17:28:01 UTC 2021] Synchronizing files with the container "1C513BE864334BBA9245667590415072"... (STDOUT, APP/TASK/deploy)#

#2.0#2021 02 18 17:28:03.329#Z#DEBUG#com.sap.cloud.lm.sl.xs2.4987b130-720e-11eb-a93a-eeee0a817d96.db.executeTaskTask#
######org.cloudfoundry.multiapps.controller.persistence.services.ProcessLogger########flowable-async-job-executor-thread-1968###
[PollExecuteTaskStatusExecution] [db] 86fceba7-4594-407c-862a-132a818953fd [Thu Feb 18 17:28:01 UTC 2021] Locking the container "1C513BE864334BBA9245667590415072"... ok (0s 269ms) (STDOUT, APP/TASK/deploy)#

#2.0#2021 02 18 17:28:03.329#Z#DEBUG#com.sap.cloud.lm.sl.xs2.4987b130-720e-11eb-a93a-eeee0a817d96.db.executeTaskTask#
######org.cloudfoundry.multiapps.controller.persistence.services.ProcessLogger########flowable-async-job-executor-thread-1968###
[PollExecuteTaskStatusExecution] [db] 86fceba7-4594-407c-862a-132a818953fd [Thu Feb 18 17:28:01 UTC 2021]   Writing files... (STDOUT, APP/TASK/deploy)#

#2.0#2021 02 18 17:28:03.329#Z#DEBUG#com.sap.cloud.lm.sl.xs2.4987b130-720e-11eb-a93a-eeee0a817d96.db.executeTaskTask#
######org.cloudfoundry.multiapps.controller.persistence.services.ProcessLogger########flowable-async-job-executor-thread-1968###
[PollExecuteTaskStatusExecution] [db] 86fceba7-4594-407c-862a-132a818953fd [Thu Feb 18 17:28:01 UTC 2021]   Deleting files... ok (STDOUT, APP/TASK/deploy)#

#2.0#2021 02 18 17:28:03.329#Z#DEBUG#com.sap.cloud.lm.sl.xs2.4987b130-720e-11eb-a93a-eeee0a817d96.db.executeTaskTask#
######org.cloudfoundry.multiapps.controller.persistence.services.ProcessLogger########flowable-async-job-executor-thread-1968###
[PollExecuteTaskStatusExecution] [db] 86fceba7-4594-407c-862a-132a818953fd [Thu Feb 18 17:28:02 UTC 2021] Synchronizing files with the container "1C513BE864334BBA9245667590415072"... ok (0s 453ms) (STDOUT, APP/TASK/deploy)#

#2.0#2021 02 18 17:28:03.329#Z#DEBUG#com.sap.cloud.lm.sl.xs2.4987b130-720e-11eb-a93a-eeee0a817d96.db.executeTaskTask#
######org.cloudfoundry.multiapps.controller.persistence.services.ProcessLogger########flowable-async-job-executor-thread-1968###
[PollExecuteTaskStatusExecution] [db] 86fceba7-4594-407c-862a-132a818953fd [Thu Feb 18 17:28:02 UTC 2021]   Writing files... ok (STDOUT, APP/TASK/deploy)#

#2.0#2021 02 18 17:28:03.329#Z#DEBUG#com.sap.cloud.lm.sl.xs2.4987b130-720e-11eb-a93a-eeee0a817d96.db.executeTaskTask#
######org.cloudfoundry.multiapps.controller.persistence.services.ProcessLogger########flowable-async-job-executor-thread-1968###
[PollExecuteTaskStatusExecution] [db] 86fceba7-4594-407c-862a-132a818953fd [Thu Feb 18 17:28:02 UTC 2021] 0 files are scheduled for undeploy based on explicit specification (STDOUT, APP/TASK/deploy)#

#2.0#2021 02 18 17:28:03.329#Z#DEBUG#com.sap.cloud.lm.sl.xs2.4987b130-720e-11eb-a93a-eeee0a817d96.db.executeTaskTask#
######org.cloudfoundry.multiapps.controller.persistence.services.ProcessLogger########flowable-async-job-executor-thread-1968###
[PollExecuteTaskStatusExecution] [db] 86fceba7-4594-407c-862a-132a818953fd [Thu Feb 18 17:28:02 UTC 2021] 0 files are scheduled for deploy based on explicit specification (STDOUT, APP/TASK/deploy)#

#2.0#2021 02 18 17:28:03.329#Z#DEBUG#com.sap.cloud.lm.sl.xs2.4987b130-720e-11eb-a93a-eeee0a817d96.db.executeTaskTask#
######org.cloudfoundry.multiapps.controller.persistence.services.ProcessLogger########flowable-async-job-executor-thread-1968###
[PollExecuteTaskStatusExecution] [db] 86fceba7-4594-407c-862a-132a818953fd [Thu Feb 18 17:28:02 UTC 2021] 0 deleted files are scheduled for undeploy based on delta detection (filtered by undeploy whitelist) (STDOUT, APP/TASK/deploy)#

#2.0#2021 02 18 17:28:03.329#Z#DEBUG#com.sap.cloud.lm.sl.xs2.4987b130-720e-11eb-a93a-eeee0a817d96.db.executeTaskTask#
######org.cloudfoundry.multiapps.controller.persistence.services.ProcessLogger########flowable-async-job-executor-thread-1968###
[PollExecuteTaskStatusExecution] [db] 86fceba7-4594-407c-862a-132a818953fd [Thu Feb 18 17:28:02 UTC 2021] 3 modified or added files are scheduled for deploy based on delta detection (STDOUT, APP/TASK/deploy)#

#2.0#2021 02 18 17:28:03.330#Z#DEBUG#com.sap.cloud.lm.sl.xs2.4987b130-720e-11eb-a93a-eeee0a817d96.db.executeTaskTask#
######org.cloudfoundry.multiapps.controller.persistence.services.ProcessLogger########flowable-async-job-executor-thread-1968###
[PollExecuteTaskStatusExecution] [db] 86fceba7-4594-407c-862a-132a818953fd [Thu Feb 18 17:28:02 UTC 2021] Deploying to the container "1C513BE864334BBA9245667590415072"... (STDOUT, APP/TASK/deploy)#

#2.0#2021 02 18 17:28:13.348#Z#DEBUG#com.sap.cloud.lm.sl.xs2.4987b130-720e-11eb-a93a-eeee0a817d96.db.executeTaskTask#
######org.cloudfoundry.multiapps.controller.persistence.services.ProcessLogger########flowable-async-job-executor-thread-1585###
[PollExecuteTaskStatusExecution] [db] 86fceba7-4594-407c-862a-132a818953fd [Thu Feb 18 17:28:03 UTC 2021] Polling messages for request id: 351 (STDOUT, APP/TASK/deploy)#

#2.0#2021 02 18 17:28:13.348#Z#DEBUG#com.sap.cloud.lm.sl.xs2.4987b130-720e-11eb-a93a-eeee0a817d96.db.executeTaskTask#
######org.cloudfoundry.multiapps.controller.persistence.services.ProcessLogger########flowable-async-job-executor-thread-1585###
[PollExecuteTaskStatusExecution] [db] 86fceba7-4594-407c-862a-132a818953fd [Thu Feb 18 17:28:03 UTC 2021]   Disabling table replication for the container schema "1C513BE864334BBA9245667590415072"...  (STDOUT, APP/TASK/deploy)#

#2.0#2021 02 18 17:28:13.348#Z#DEBUG#com.sap.cloud.lm.sl.xs2.4987b130-720e-11eb-a93a-eeee0a817d96.db.executeTaskTask#
######org.cloudfoundry.multiapps.controller.persistence.services.ProcessLogger########flowable-async-job-executor-thread-1585###
[PollExecuteTaskStatusExecution] [db] 86fceba7-4594-407c-862a-132a818953fd [Thu Feb 18 17:28:03 UTC 2021]  Starting make in the container "1C513BE864334BBA9245667590415072" with 3 files to deploy, 0 files to undeploy...  (STDOUT, APP/TASK/deploy)#

#2.0#2021 02 18 17:28:13.348#Z#DEBUG#com.sap.cloud.lm.sl.xs2.4987b130-720e-11eb-a93a-eeee0a817d96.db.executeTaskTask#
######org.cloudfoundry.multiapps.controller.persistence.services.ProcessLogger########flowable-async-job-executor-thread-1585###
[PollExecuteTaskStatusExecution] [db] 86fceba7-4594-407c-862a-132a818953fd [Thu Feb 18 17:28:03 UTC 2021]    Adding "src/prueba_1.hdbtable" for deploy...  (STDOUT, APP/TASK/deploy)#

#2.0#2021 02 18 17:28:13.348#Z#DEBUG#com.sap.cloud.lm.sl.xs2.4987b130-720e-11eb-a93a-eeee0a817d96.db.executeTaskTask#
######org.cloudfoundry.multiapps.controller.persistence.services.ProcessLogger########flowable-async-job-executor-thread-1585###
[PollExecuteTaskStatusExecution] [db] 86fceba7-4594-407c-862a-132a818953fd [Thu Feb 18 17:28:03 UTC 2021]    Adding "src/calculation_view_test_1.hdbcalculationview" for deploy... ok  (0s 20ms) (STDOUT, APP/TASK/deploy)#

#2.0#2021 02 18 17:28:13.348#Z#DEBUG#com.sap.cloud.lm.sl.xs2.4987b130-720e-11eb-a93a-eeee0a817d96.db.executeTaskTask#
######org.cloudfoundry.multiapps.controller.persistence.services.ProcessLogger########flowable-async-job-executor-thread-1585###
[PollExecuteTaskStatusExecution] [db] 86fceba7-4594-407c-862a-132a818953fd [Thu Feb 18 17:28:03 UTC 2021]    Adding "src/calculation_view_test_1.hdbcalculationview" for deploy...  (STDOUT, APP/TASK/deploy)#

#2.0#2021 02 18 17:28:13.348#Z#DEBUG#com.sap.cloud.lm.sl.xs2.4987b130-720e-11eb-a93a-eeee0a817d96.db.executeTaskTask#
######org.cloudfoundry.multiapps.controller.persistence.services.ProcessLogger########flowable-async-job-executor-thread-1585###
[PollExecuteTaskStatusExecution] [db] 86fceba7-4594-407c-862a-132a818953fd [Thu Feb 18 17:28:03 UTC 2021]    Deploying the configuration file "src/.hdiconfig"... ok  (0s 52ms) (STDOUT, APP/TASK/deploy)#

#2.0#2021 02 18 17:28:13.348#Z#DEBUG#com.sap.cloud.lm.sl.xs2.4987b130-720e-11eb-a93a-eeee0a817d96.db.executeTaskTask#
######org.cloudfoundry.multiapps.controller.persistence.services.ProcessLogger########flowable-async-job-executor-thread-1585###
[PollExecuteTaskStatusExecution] [db] 86fceba7-4594-407c-862a-132a818953fd [Thu Feb 18 17:28:03 UTC 2021]      at "src/.hdiconfig" (0:0) (STDOUT, APP/TASK/deploy)#

#2.0#2021 02 18 17:28:13.348#Z#DEBUG#com.sap.cloud.lm.sl.xs2.4987b130-720e-11eb-a93a-eeee0a817d96.db.executeTaskTask#
######org.cloudfoundry.multiapps.controller.persistence.services.ProcessLogger########flowable-async-job-executor-thread-1585###
[PollExecuteTaskStatusExecution] [db] 86fceba7-4594-407c-862a-132a818953fd [Thu Feb 18 17:28:03 UTC 2021]    Warning: Could not find a configured library that contains the "com.sap.hana.di.afllangprocedure" build plugin [8211539] (STDOUT, APP/TASK/deploy)#

#2.0#2021 02 18 17:28:13.349#Z#DEBUG#com.sap.cloud.lm.sl.xs2.4987b130-720e-11eb-a93a-eeee0a817d96.db.executeTaskTask#
######org.cloudfoundry.multiapps.controller.persistence.services.ProcessLogger########flowable-async-job-executor-thread-1585###
[PollExecuteTaskStatusExecution] [db] 86fceba7-4594-407c-862a-132a818953fd [Thu Feb 18 17:28:03 UTC 2021]    Deploying the configuration file "src/.hdiconfig"...  (STDOUT, APP/TASK/deploy)#

#2.0#2021 02 18 17:28:13.349#Z#DEBUG#com.sap.cloud.lm.sl.xs2.4987b130-720e-11eb-a93a-eeee0a817d96.db.executeTaskTask#
######org.cloudfoundry.multiapps.controller.persistence.services.ProcessLogger########flowable-async-job-executor-thread-1585###
[PollExecuteTaskStatusExecution] [db] 86fceba7-4594-407c-862a-132a818953fd [Thu Feb 18 17:28:03 UTC 2021]    Preparing the make transaction...  (STDOUT, APP/TASK/deploy)#

#2.0#2021 02 18 17:28:13.349#Z#DEBUG#com.sap.cloud.lm.sl.xs2.4987b130-720e-11eb-a93a-eeee0a817d96.db.executeTaskTask#
######org.cloudfoundry.multiapps.controller.persistence.services.ProcessLogger########flowable-async-job-executor-thread-1585###
[PollExecuteTaskStatusExecution] [db] 86fceba7-4594-407c-862a-132a818953fd [Thu Feb 18 17:28:03 UTC 2021]    Preparing...  (STDOUT, APP/TASK/deploy)#

#2.0#2021 02 18 17:28:13.349#Z#DEBUG#com.sap.cloud.lm.sl.xs2.4987b130-720e-11eb-a93a-eeee0a817d96.db.executeTaskTask#
######org.cloudfoundry.multiapps.controller.persistence.services.ProcessLogger########flowable-async-job-executor-thread-1585###
[PollExecuteTaskStatusExecution] [db] 86fceba7-4594-407c-862a-132a818953fd [Thu Feb 18 17:28:03 UTC 2021]   Making...  (STDOUT, APP/TASK/deploy)#

#2.0#2021 02 18 17:28:13.349#Z#DEBUG#com.sap.cloud.lm.sl.xs2.4987b130-720e-11eb-a93a-eeee0a817d96.db.executeTaskTask#
######org.cloudfoundry.multiapps.controller.persistence.services.ProcessLogger########flowable-async-job-executor-thread-1585###
[PollExecuteTaskStatusExecution] [db] 86fceba7-4594-407c-862a-132a818953fd [Thu Feb 18 17:28:03 UTC 2021]   Migrating libraries... ok  (0s 8ms) (STDOUT, APP/TASK/deploy)#

#2.0#2021 02 18 17:28:13.349#Z#DEBUG#com.sap.cloud.lm.sl.xs2.4987b130-720e-11eb-a93a-eeee0a817d96.db.executeTaskTask#
######org.cloudfoundry.multiapps.controller.persistence.services.ProcessLogger########flowable-async-job-executor-thread-1585###
[PollExecuteTaskStatusExecution] [db] 86fceba7-4594-407c-862a-132a818953fd [Thu Feb 18 17:28:03 UTC 2021]   Migrating libraries...  (STDOUT, APP/TASK/deploy)#

#2.0#2021 02 18 17:28:13.349#Z#DEBUG#com.sap.cloud.lm.sl.xs2.4987b130-720e-11eb-a93a-eeee0a817d96.db.executeTaskTask#
######org.cloudfoundry.multiapps.controller.persistence.services.ProcessLogger########flowable-async-job-executor-thread-1585###
[PollExecuteTaskStatusExecution] [db] 86fceba7-4594-407c-862a-132a818953fd [Thu Feb 18 17:28:03 UTC 2021]   Disabling table replication for the container schema "1C513BE864334BBA9245667590415072"... ok  (0s 82ms) (STDOUT, APP/TASK/deploy)#

#2.0#2021 02 18 17:28:13.349#Z#DEBUG#com.sap.cloud.lm.sl.xs2.4987b130-720e-11eb-a93a-eeee0a817d96.db.executeTaskTask#
######org.cloudfoundry.multiapps.controller.persistence.services.ProcessLogger########flowable-async-job-executor-thread-1585###
[PollExecuteTaskStatusExecution] [db] 86fceba7-4594-407c-862a-132a818953fd [Thu Feb 18 17:28:03 UTC 2021]     Deploying "src/calculation_view_test_1.hdbcalculationview"...  (STDOUT, APP/TASK/deploy)#

#2.0#2021 02 18 17:28:13.349#Z#DEBUG#com.sap.cloud.lm.sl.xs2.4987b130-720e-11eb-a93a-eeee0a817d96.db.executeTaskTask#
######org.cloudfoundry.multiapps.controller.persistence.services.ProcessLogger########flowable-async-job-executor-thread-1585###
[PollExecuteTaskStatusExecution] [db] 86fceba7-4594-407c-862a-132a818953fd [Thu Feb 18 17:28:03 UTC 2021]     Deploying "src/prueba_1.hdbtable"... ok  (0s 8ms) (STDOUT, APP/TASK/deploy)#

#2.0#2021 02 18 17:28:13.349#Z#DEBUG#com.sap.cloud.lm.sl.xs2.4987b130-720e-11eb-a93a-eeee0a817d96.db.executeTaskTask#
######org.cloudfoundry.multiapps.controller.persistence.services.ProcessLogger########flowable-async-job-executor-thread-1585###
[PollExecuteTaskStatusExecution] [db] 86fceba7-4594-407c-862a-132a818953fd [Thu Feb 18 17:28:03 UTC 2021]     Deploying "src/prueba_1.hdbtable"...  (STDOUT, APP/TASK/deploy)#

#2.0#2021 02 18 17:28:13.349#Z#DEBUG#com.sap.cloud.lm.sl.xs2.4987b130-720e-11eb-a93a-eeee0a817d96.db.executeTaskTask#
######org.cloudfoundry.multiapps.controller.persistence.services.ProcessLogger########flowable-async-job-executor-thread-1585###
[PollExecuteTaskStatusExecution] [db] 86fceba7-4594-407c-862a-132a818953fd [Thu Feb 18 17:28:03 UTC 2021]    Processing work list...  (STDOUT, APP/TASK/deploy)#

#2.0#2021 02 18 17:28:13.349#Z#DEBUG#com.sap.cloud.lm.sl.xs2.4987b130-720e-11eb-a93a-eeee0a817d96.db.executeTaskTask#
######org.cloudfoundry.multiapps.controller.persistence.services.ProcessLogger########flowable-async-job-executor-thread-1585###
[PollExecuteTaskStatusExecution] [db] 86fceba7-4594-407c-862a-132a818953fd [Thu Feb 18 17:28:03 UTC 2021]    Calculating dependencies... ok  (0s 128ms) (STDOUT, APP/TASK/deploy)#

#2.0#2021 02 18 17:28:13.349#Z#DEBUG#com.sap.cloud.lm.sl.xs2.4987b130-720e-11eb-a93a-eeee0a817d96.db.executeTaskTask#
######org.cloudfoundry.multiapps.controller.persistence.services.ProcessLogger########flowable-async-job-executor-thread-1585###
[PollExecuteTaskStatusExecution] [db] 86fceba7-4594-407c-862a-132a818953fd [Thu Feb 18 17:28:03 UTC 2021]     Merging... ok  (0s 17ms) (STDOUT, APP/TASK/deploy)#

#2.0#2021 02 18 17:28:13.349#Z#DEBUG#com.sap.cloud.lm.sl.xs2.4987b130-720e-11eb-a93a-eeee0a817d96.db.executeTaskTask#
######org.cloudfoundry.multiapps.controller.persistence.services.ProcessLogger########flowable-async-job-executor-thread-1585###
[PollExecuteTaskStatusExecution] [db] 86fceba7-4594-407c-862a-132a818953fd [Thu Feb 18 17:28:03 UTC 2021]     Merging...  (STDOUT, APP/TASK/deploy)#

#2.0#2021 02 18 17:28:13.349#Z#DEBUG#com.sap.cloud.lm.sl.xs2.4987b130-720e-11eb-a93a-eeee0a817d96.db.executeTaskTask#
######org.cloudfoundry.multiapps.controller.persistence.services.ProcessLogger########flowable-async-job-executor-thread-1585###
[PollExecuteTaskStatusExecution] [db] 86fceba7-4594-407c-862a-132a818953fd [Thu Feb 18 17:28:03 UTC 2021]     Precompiling... ok  (0s 19ms) (STDOUT, APP/TASK/deploy)#

#2.0#2021 02 18 17:28:13.349#Z#DEBUG#com.sap.cloud.lm.sl.xs2.4987b130-720e-11eb-a93a-eeee0a817d96.db.executeTaskTask#
######org.cloudfoundry.multiapps.controller.persistence.services.ProcessLogger########flowable-async-job-executor-thread-1585###
[PollExecuteTaskStatusExecution] [db] 86fceba7-4594-407c-862a-132a818953fd [Thu Feb 18 17:28:03 UTC 2021]      Precompiling "src/prueba_1.hdbtable"... ok  (0s 6ms) (STDOUT, APP/TASK/deploy)#

#2.0#2021 02 18 17:28:13.349#Z#DEBUG#com.sap.cloud.lm.sl.xs2.4987b130-720e-11eb-a93a-eeee0a817d96.db.executeTaskTask#
######org.cloudfoundry.multiapps.controller.persistence.services.ProcessLogger########flowable-async-job-executor-thread-1585###
[PollExecuteTaskStatusExecution] [db] 86fceba7-4594-407c-862a-132a818953fd [Thu Feb 18 17:28:03 UTC 2021]      Precompiling "src/calculation_view_test_1.hdbcalculationview"... ok  (0s 2ms) (STDOUT, APP/TASK/deploy)#

#2.0#2021 02 18 17:28:13.349#Z#DEBUG#com.sap.cloud.lm.sl.xs2.4987b130-720e-11eb-a93a-eeee0a817d96.db.executeTaskTask#
######org.cloudfoundry.multiapps.controller.persistence.services.ProcessLogger########flowable-async-job-executor-thread-1585###
[PollExecuteTaskStatusExecution] [db] 86fceba7-4594-407c-862a-132a818953fd [Thu Feb 18 17:28:03 UTC 2021]      Precompiling "src/prueba_1.hdbtable"...  (STDOUT, APP/TASK/deploy)#

#2.0#2021 02 18 17:28:13.349#Z#DEBUG#com.sap.cloud.lm.sl.xs2.4987b130-720e-11eb-a93a-eeee0a817d96.db.executeTaskTask#
######org.cloudfoundry.multiapps.controller.persistence.services.ProcessLogger########flowable-async-job-executor-thread-1585###
[PollExecuteTaskStatusExecution] [db] 86fceba7-4594-407c-862a-132a818953fd [Thu Feb 18 17:28:03 UTC 2021]      Precompiling "src/calculation_view_test_1.hdbcalculationview"...  (STDOUT, APP/TASK/deploy)#

#2.0#2021 02 18 17:28:13.350#Z#DEBUG#com.sap.cloud.lm.sl.xs2.4987b130-720e-11eb-a93a-eeee0a817d96.db.executeTaskTask#
######org.cloudfoundry.multiapps.controller.persistence.services.ProcessLogger########flowable-async-job-executor-thread-1585###
[PollExecuteTaskStatusExecution] [db] 86fceba7-4594-407c-862a-132a818953fd [Thu Feb 18 17:28:03 UTC 2021]     Precompiling...  (STDOUT, APP/TASK/deploy)#

#2.0#2021 02 18 17:28:13.350#Z#DEBUG#com.sap.cloud.lm.sl.xs2.4987b130-720e-11eb-a93a-eeee0a817d96.db.executeTaskTask#
######org.cloudfoundry.multiapps.controller.persistence.services.ProcessLogger########flowable-async-job-executor-thread-1585###
[PollExecuteTaskStatusExecution] [db] 86fceba7-4594-407c-862a-132a818953fd [Thu Feb 18 17:28:03 UTC 2021]     Expanding... ok  (0s 38ms) (STDOUT, APP/TASK/deploy)#

#2.0#2021 02 18 17:28:13.350#Z#DEBUG#com.sap.cloud.lm.sl.xs2.4987b130-720e-11eb-a93a-eeee0a817d96.db.executeTaskTask#
######org.cloudfoundry.multiapps.controller.persistence.services.ProcessLogger########flowable-async-job-executor-thread-1585###
[PollExecuteTaskStatusExecution] [db] 86fceba7-4594-407c-862a-132a818953fd [Thu Feb 18 17:28:03 UTC 2021]      Expanding "src/prueba_1.hdbtable"... ok  (0s 6ms) (STDOUT, APP/TASK/deploy)#

#2.0#2021 02 18 17:28:13.350#Z#DEBUG#com.sap.cloud.lm.sl.xs2.4987b130-720e-11eb-a93a-eeee0a817d96.db.executeTaskTask#
######org.cloudfoundry.multiapps.controller.persistence.services.ProcessLogger########flowable-async-job-executor-thread-1585###
[PollExecuteTaskStatusExecution] [db] 86fceba7-4594-407c-862a-132a818953fd [Thu Feb 18 17:28:03 UTC 2021]      Expanding "src/prueba_1.hdbtable"...  (STDOUT, APP/TASK/deploy)#

#2.0#2021 02 18 17:28:13.350#Z#DEBUG#com.sap.cloud.lm.sl.xs2.4987b130-720e-11eb-a93a-eeee0a817d96.db.executeTaskTask#
######org.cloudfoundry.multiapps.controller.persistence.services.ProcessLogger########flowable-async-job-executor-thread-1585###
[PollExecuteTaskStatusExecution] [db] 86fceba7-4594-407c-862a-132a818953fd [Thu Feb 18 17:28:03 UTC 2021]     Expanding...  (STDOUT, APP/TASK/deploy)#

#2.0#2021 02 18 17:28:13.350#Z#DEBUG#com.sap.cloud.lm.sl.xs2.4987b130-720e-11eb-a93a-eeee0a817d96.db.executeTaskTask#
######org.cloudfoundry.multiapps.controller.persistence.services.ProcessLogger########flowable-async-job-executor-thread-1585###
[PollExecuteTaskStatusExecution] [db] 86fceba7-4594-407c-862a-132a818953fd [Thu Feb 18 17:28:03 UTC 2021]    Calculating dependencies...  (STDOUT, APP/TASK/deploy)#

#2.0#2021 02 18 17:28:13.350#Z#DEBUG#com.sap.cloud.lm.sl.xs2.4987b130-720e-11eb-a93a-eeee0a817d96.db.executeTaskTask#
######org.cloudfoundry.multiapps.controller.persistence.services.ProcessLogger########flowable-async-job-executor-thread-1585###
[PollExecuteTaskStatusExecution] [db] 86fceba7-4594-407c-862a-132a818953fd [Thu Feb 18 17:28:03 UTC 2021]    Preparing the make transaction... ok  (0s 182ms) (STDOUT, APP/TASK/deploy)#

#2.0#2021 02 18 17:28:13.350#Z#DEBUG#com.sap.cloud.lm.sl.xs2.4987b130-720e-11eb-a93a-eeee0a817d96.db.executeTaskTask#
######org.cloudfoundry.multiapps.controller.persistence.services.ProcessLogger########flowable-async-job-executor-thread-1585###
[PollExecuteTaskStatusExecution] [db] 86fceba7-4594-407c-862a-132a818953fd [Thu Feb 18 17:28:03 UTC 2021]    Preparing... ok  (0s 160ms) (STDOUT, APP/TASK/deploy)#

#2.0#2021 02 18 17:28:13.350#Z#DEBUG#com.sap.cloud.lm.sl.xs2.4987b130-720e-11eb-a93a-eeee0a817d96.db.executeTaskTask#
######org.cloudfoundry.multiapps.controller.persistence.services.ProcessLogger########flowable-async-job-executor-thread-1585###
[PollExecuteTaskStatusExecution] [db] 86fceba7-4594-407c-862a-132a818953fd [Thu Feb 18 17:28:03 UTC 2021]    Adding "src/prueba_1.hdbtable" for deploy... ok  (0s 0ms) (STDOUT, APP/TASK/deploy)#

#2.0#2021 02 18 17:28:13.350#Z#DEBUG#com.sap.cloud.lm.sl.xs2.4987b130-720e-11eb-a93a-eeee0a817d96.db.executeTaskTask#
######org.cloudfoundry.multiapps.controller.persistence.services.ProcessLogger########flowable-async-job-executor-thread-1585###
[PollExecuteTaskStatusExecution] [db] 86fceba7-4594-407c-862a-132a818953fd [Thu Feb 18 17:28:03 UTC 2021] Deploying to the container "1C513BE864334BBA9245667590415072"... ok (0s 871ms) (STDOUT, APP/TASK/deploy)#

#2.0#2021 02 18 17:28:13.350#Z#DEBUG#com.sap.cloud.lm.sl.xs2.4987b130-720e-11eb-a93a-eeee0a817d96.db.executeTaskTask#
######org.cloudfoundry.multiapps.controller.persistence.services.ProcessLogger########flowable-async-job-executor-thread-1585###
[PollExecuteTaskStatusExecution] [db] 86fceba7-4594-407c-862a-132a818953fd [Thu Feb 18 17:28:03 UTC 2021]  Starting make in the container "1C513BE864334BBA9245667590415072" with 3 files to deploy, 0 files to undeploy... ok  (0s 654ms) (STDOUT, APP/TASK/deploy)#

#2.0#2021 02 18 17:28:13.351#Z#DEBUG#com.sap.cloud.lm.sl.xs2.4987b130-720e-11eb-a93a-eeee0a817d96.db.executeTaskTask#
######org.cloudfoundry.multiapps.controller.persistence.services.ProcessLogger########flowable-async-job-executor-thread-1585###
[PollExecuteTaskStatusExecution] [db] 86fceba7-4594-407c-862a-132a818953fd [Thu Feb 18 17:28:03 UTC 2021]   Enabling table replication for the container schema "1C513BE864334BBA9245667590415072"... ok  (0s 85ms) (STDOUT, APP/TASK/deploy)#

#2.0#2021 02 18 17:28:13.351#Z#DEBUG#com.sap.cloud.lm.sl.xs2.4987b130-720e-11eb-a93a-eeee0a817d96.db.executeTaskTask#
######org.cloudfoundry.multiapps.controller.persistence.services.ProcessLogger########flowable-async-job-executor-thread-1585###
[PollExecuteTaskStatusExecution] [db] 86fceba7-4594-407c-862a-132a818953fd [Thu Feb 18 17:28:03 UTC 2021]   Enabling table replication for the container schema "1C513BE864334BBA9245667590415072"...  (STDOUT, APP/TASK/deploy)#

#2.0#2021 02 18 17:28:13.351#Z#DEBUG#com.sap.cloud.lm.sl.xs2.4987b130-720e-11eb-a93a-eeee0a817d96.db.executeTaskTask#
######org.cloudfoundry.multiapps.controller.persistence.services.ProcessLogger########flowable-async-job-executor-thread-1585###
[PollExecuteTaskStatusExecution] [db] 86fceba7-4594-407c-862a-132a818953fd [Thu Feb 18 17:28:03 UTC 2021]   Making... ok  (0s 470ms) (STDOUT, APP/TASK/deploy)#

#2.0#2021 02 18 17:28:13.351#Z#DEBUG#com.sap.cloud.lm.sl.xs2.4987b130-720e-11eb-a93a-eeee0a817d96.db.executeTaskTask#
######org.cloudfoundry.multiapps.controller.persistence.services.ProcessLogger########flowable-async-job-executor-thread-1585###
[PollExecuteTaskStatusExecution] [db] 86fceba7-4594-407c-862a-132a818953fd [Thu Feb 18 17:28:03 UTC 2021]    Make succeeded (1 warnings): 3 files deployed (effective 3), 0 files undeployed (effective 0), 0 dependent files redeployed  (STDOUT, APP/TASK/deploy)#

#2.0#2021 02 18 17:28:13.351#Z#DEBUG#com.sap.cloud.lm.sl.xs2.4987b130-720e-11eb-a93a-eeee0a817d96.db.executeTaskTask#
######org.cloudfoundry.multiapps.controller.persistence.services.ProcessLogger########flowable-async-job-executor-thread-1585###
[PollExecuteTaskStatusExecution] [db] 86fceba7-4594-407c-862a-132a818953fd [Thu Feb 18 17:28:03 UTC 2021]    Finalizing... ok  (0s 49ms) (STDOUT, APP/TASK/deploy)#

#2.0#2021 02 18 17:28:13.351#Z#DEBUG#com.sap.cloud.lm.sl.xs2.4987b130-720e-11eb-a93a-eeee0a817d96.db.executeTaskTask#
######org.cloudfoundry.multiapps.controller.persistence.services.ProcessLogger########flowable-async-job-executor-thread-1585###
[PollExecuteTaskStatusExecution] [db] 86fceba7-4594-407c-862a-132a818953fd [Thu Feb 18 17:28:03 UTC 2021]    Finalizing...  (STDOUT, APP/TASK/deploy)#

#2.0#2021 02 18 17:28:13.351#Z#DEBUG#com.sap.cloud.lm.sl.xs2.4987b130-720e-11eb-a93a-eeee0a817d96.db.executeTaskTask#
######org.cloudfoundry.multiapps.controller.persistence.services.ProcessLogger########flowable-async-job-executor-thread-1585###
[PollExecuteTaskStatusExecution] [db] 86fceba7-4594-407c-862a-132a818953fd [Thu Feb 18 17:28:03 UTC 2021]    Processing work list... ok  (0s 69ms) (STDOUT, APP/TASK/deploy)#

#2.0#2021 02 18 17:28:13.351#Z#DEBUG#com.sap.cloud.lm.sl.xs2.4987b130-720e-11eb-a93a-eeee0a817d96.db.executeTaskTask#
######org.cloudfoundry.multiapps.controller.persistence.services.ProcessLogger########flowable-async-job-executor-thread-1585###
[PollExecuteTaskStatusExecution] [db] 86fceba7-4594-407c-862a-132a818953fd [Thu Feb 18 17:28:03 UTC 2021]     Deploying "src/calculation_view_test_1.hdbcalculationview"... ok  (0s 48ms) (STDOUT, APP/TASK/deploy)#

#2.0#2021 02 18 17:28:13.351#Z#DEBUG#com.sap.cloud.lm.sl.xs2.4987b130-720e-11eb-a93a-eeee0a817d96.db.executeTaskTask#
######org.cloudfoundry.multiapps.controller.persistence.services.ProcessLogger########flowable-async-job-executor-thread-1585###
[PollExecuteTaskStatusExecution] [db] 86fceba7-4594-407c-862a-132a818953fd [Thu Feb 18 17:28:03 UTC 2021] Unlocking the container "1C513BE864334BBA9245667590415072"... (STDOUT, APP/TASK/deploy)#

#2.0#2021 02 18 17:28:13.351#Z#DEBUG#com.sap.cloud.lm.sl.xs2.4987b130-720e-11eb-a93a-eeee0a817d96.db.executeTaskTask#
######org.cloudfoundry.multiapps.controller.persistence.services.ProcessLogger########flowable-async-job-executor-thread-1585###
[PollExecuteTaskStatusExecution] [db] 86fceba7-4594-407c-862a-132a818953fd [Thu Feb 18 17:28:03 UTC 2021] No default-access-role handling needed; global role "1C513BE864334BBA9245667590415072::access_role" will not be adapted (STDOUT, APP/TASK/deploy)#

#2.0#2021 02 18 17:28:13.351#Z#DEBUG#com.sap.cloud.lm.sl.xs2.4987b130-720e-11eb-a93a-eeee0a817d96.db.executeTaskTask#
######org.cloudfoundry.multiapps.controller.persistence.services.ProcessLogger########flowable-async-job-executor-thread-1585###
[PollExecuteTaskStatusExecution] [db] 86fceba7-4594-407c-862a-132a818953fd [Thu Feb 18 17:28:03 UTC 2021] Deployment to container 1C513BE864334BBA9245667590415072 done [Deployment ID: none]. (STDOUT, APP/TASK/deploy)#

#2.0#2021 02 18 17:28:13.351#Z#DEBUG#com.sap.cloud.lm.sl.xs2.4987b130-720e-11eb-a93a-eeee0a817d96.db.executeTaskTask#
######org.cloudfoundry.multiapps.controller.persistence.services.ProcessLogger########flowable-async-job-executor-thread-1585###
[PollExecuteTaskStatusExecution] [db] 86fceba7-4594-407c-862a-132a818953fd [Thu Feb 18 17:28:03 UTC 2021] Unlocking the container "1C513BE864334BBA9245667590415072"... ok (0s 0ms) (STDOUT, APP/TASK/deploy)#

#2.0#2021 02 18 17:28:13.351#Z#DEBUG#com.sap.cloud.lm.sl.xs2.4987b130-720e-11eb-a93a-eeee0a817d96.db.executeTaskTask#
######org.cloudfoundry.multiapps.controller.persistence.services.ProcessLogger########flowable-async-job-executor-thread-1585###
[PollExecuteTaskStatusExecution] [db] 86fceba7-4594-407c-862a-132a818953fd [Thu Feb 18 17:28:03 UTC 2021] (2s 537ms) (STDOUT, APP/TASK/deploy)#

#2.0#2021 02 18 17:28:13.351#Z#DEBUG#com.sap.cloud.lm.sl.xs2.4987b130-720e-11eb-a93a-eeee0a817d96.db.executeTaskTask#
######org.cloudfoundry.multiapps.controller.persistence.services.ProcessLogger########flowable-async-job-executor-thread-1585###
[PollExecuteTaskStatusExecution] [db] 86fceba7-4594-407c-862a-132a818953fd [Thu Feb 18 17:28:03 UTC 2021] Exit status 0 (STDOUT, APP/TASK/deploy)#

#2.0#2021 02 18 17:28:13.351#Z#DEBUG#com.sap.cloud.lm.sl.xs2.4987b130-720e-11eb-a93a-eeee0a817d96.db.executeTaskTask#
######org.cloudfoundry.multiapps.controller.persistence.services.ProcessLogger########flowable-async-job-executor-thread-1585###
[PollExecuteTaskStatusExecution] [db] 86fceba7-4594-407c-862a-132a818953fd [Thu Feb 18 17:28:03 UTC 2021] Cell fdd447c5-3427-439e-be03-deb8a7c849e9 destroying container for instance 8c7248a5-72e8-432a-ba71-acff239e00a7 (STDOUT, CELL)#

#2.0#2021 02 18 17:28:13.351#Z#DEBUG#com.sap.cloud.lm.sl.xs2.4987b130-720e-11eb-a93a-eeee0a817d96.db.executeTaskTask#
######org.cloudfoundry.multiapps.controller.persistence.services.ProcessLogger########flowable-async-job-executor-thread-1585###
[PollExecuteTaskStatusExecution] [db] 86fceba7-4594-407c-862a-132a818953fd [Thu Feb 18 17:28:03 UTC 2021] Cell fdd447c5-3427-439e-be03-deb8a7c849e9 stopping instance 8c7248a5-72e8-432a-ba71-acff239e00a7 (STDOUT, CELL)#

#2.0#2021 02 18 17:28:13.352#Z#DEBUG#com.sap.cloud.lm.sl.xs2.4987b130-720e-11eb-a93a-eeee0a817d96.db.executeTaskTask#
######org.cloudfoundry.multiapps.controller.persistence.services.ProcessLogger########flowable-async-job-executor-thread-1585###
[PollExecuteTaskStatusExecution] [db] 86fceba7-4594-407c-862a-132a818953fd [Thu Feb 18 17:28:05 UTC 2021] Cell fdd447c5-3427-439e-be03-deb8a7c849e9 successfully destroyed container for instance 8c7248a5-72e8-432a-ba71-acff239e00a7 (STDOUT, CELL)#

